wn274.scope.unina.it
wn274.scope.unina.it
wn273.scope.unina.it
wn273.scope.unina.it
--------------------------
--------------------------
This job is allocated on 2 cpu(s) on host:
wn273.scope.unina.it
wn274.scope.unina.it
--------------------------
****************************************************************************
(Iteration, Strategy, N, proc) = ( 1 2)
****************************************************************************
-------------------------
Eseguo: /usr/lib64/openmpi/1.4-gcc/bin/mpicc -o /homes/DMA/PDC/2024/MNGLGU98B/Progetto_Sum/Main /homes/DMA/PDC/2024/MNGLGU98B/Progetto_Sum/Main.c /homes/DMA/PDC/2024/MNGLGU98B/Progetto_Sum/Strategy.c /homes/DMA/PDC/2024/MNGLGU98B/Progetto_Sum/Utils.c
Eseguo: /usr/lib64/openmpi/1.4-gcc/bin/-machinefile hotlist -np 2 /homes/DMA/PDC/2024/MNGLGU98B/Progetto_Sum/Main
Generazione numeri randomici...
Il tempo impiegato da 1 è di 2.012968e-03 s

 Sono il processo 1 e la somma totale e' 500000
Il tempo impiegato da 0 è di 2.301931e-03 s

 Sono il processo 0 e la somma totale e' 1000000
Tempo totale impiegato per l'algoritmo: 2.301931e-03
****************************************************************************
(Iteration, Strategy, N, proc) = ( 2 2)
****************************************************************************
-------------------------
Eseguo: /usr/lib64/openmpi/1.4-gcc/bin/mpicc -o /homes/DMA/PDC/2024/MNGLGU98B/Progetto_Sum/Main /homes/DMA/PDC/2024/MNGLGU98B/Progetto_Sum/Main.c /homes/DMA/PDC/2024/MNGLGU98B/Progetto_Sum/Strategy.c /homes/DMA/PDC/2024/MNGLGU98B/Progetto_Sum/Utils.c
Eseguo: /usr/lib64/openmpi/1.4-gcc/bin/-machinefile hotlist -np 2 /homes/DMA/PDC/2024/MNGLGU98B/Progetto_Sum/Main
Generazione numeri randomici...
Il tempo impiegato da 1 è di 2.014875e-03 s

 Sono il processo 1 e la somma totale e' 500000
Il tempo impiegato da 0 è di 2.018929e-03 s

 Sono il processo 0 e la somma totale e' 1000000
Tempo totale impiegato per l'algoritmo: 2.018929e-03
****************************************************************************
(Iteration, Strategy, N, proc) = ( 3 2)
****************************************************************************
-------------------------
Eseguo: /usr/lib64/openmpi/1.4-gcc/bin/mpicc -o /homes/DMA/PDC/2024/MNGLGU98B/Progetto_Sum/Main /homes/DMA/PDC/2024/MNGLGU98B/Progetto_Sum/Main.c /homes/DMA/PDC/2024/MNGLGU98B/Progetto_Sum/Strategy.c /homes/DMA/PDC/2024/MNGLGU98B/Progetto_Sum/Utils.c
Eseguo: /usr/lib64/openmpi/1.4-gcc/bin/-machinefile hotlist -np 2 /homes/DMA/PDC/2024/MNGLGU98B/Progetto_Sum/Main
Generazione numeri randomici...
Il tempo impiegato da 1 è di 2.010107e-03 s

 Sono il processo 1 e la somma totale e' 500000
Il tempo impiegato da 0 è di 2.008915e-03 s

 Sono il processo 0 e la somma totale e' 1000000
Tempo totale impiegato per l'algoritmo: 2.010107e-03
****************************************************************************
(Iteration, Strategy, N, proc) = ( 4 2)
****************************************************************************
-------------------------
Eseguo: /usr/lib64/openmpi/1.4-gcc/bin/mpicc -o /homes/DMA/PDC/2024/MNGLGU98B/Progetto_Sum/Main /homes/DMA/PDC/2024/MNGLGU98B/Progetto_Sum/Main.c /homes/DMA/PDC/2024/MNGLGU98B/Progetto_Sum/Strategy.c /homes/DMA/PDC/2024/MNGLGU98B/Progetto_Sum/Utils.c
Eseguo: /usr/lib64/openmpi/1.4-gcc/bin/-machinefile hotlist -np 2 /homes/DMA/PDC/2024/MNGLGU98B/Progetto_Sum/Main
Generazione numeri randomici...
Il tempo impiegato da 1 è di 2.007961e-03 s

 Sono il processo 1 e la somma totale e' 500000
Il tempo impiegato da 0 è di 2.008200e-03 s

 Sono il processo 0 e la somma totale e' 1000000
Tempo totale impiegato per l'algoritmo: 2.008200e-03
****************************************************************************
(Iteration, Strategy, N, proc) = ( 5 2)
****************************************************************************
-------------------------
Eseguo: /usr/lib64/openmpi/1.4-gcc/bin/mpicc -o /homes/DMA/PDC/2024/MNGLGU98B/Progetto_Sum/Main /homes/DMA/PDC/2024/MNGLGU98B/Progetto_Sum/Main.c /homes/DMA/PDC/2024/MNGLGU98B/Progetto_Sum/Strategy.c /homes/DMA/PDC/2024/MNGLGU98B/Progetto_Sum/Utils.c
Eseguo: /usr/lib64/openmpi/1.4-gcc/bin/-machinefile hotlist -np 2 /homes/DMA/PDC/2024/MNGLGU98B/Progetto_Sum/Main
Generazione numeri randomici...
Il tempo impiegato da 1 è di 2.042055e-03 s

 Sono il processo 1 e la somma totale e' 500000
Il tempo impiegato da 0 è di 2.043009e-03 s

 Sono il processo 0 e la somma totale e' 1000000
Tempo totale impiegato per l'algoritmo: 2.043009e-03
****************************************************************************
(Iteration, Strategy, N, proc) = ( 6 2)
****************************************************************************
-------------------------
Eseguo: /usr/lib64/openmpi/1.4-gcc/bin/mpicc -o /homes/DMA/PDC/2024/MNGLGU98B/Progetto_Sum/Main /homes/DMA/PDC/2024/MNGLGU98B/Progetto_Sum/Main.c /homes/DMA/PDC/2024/MNGLGU98B/Progetto_Sum/Strategy.c /homes/DMA/PDC/2024/MNGLGU98B/Progetto_Sum/Utils.c
Eseguo: /usr/lib64/openmpi/1.4-gcc/bin/-machinefile hotlist -np 2 /homes/DMA/PDC/2024/MNGLGU98B/Progetto_Sum/Main
Generazione numeri randomici...
Il tempo impiegato da 1 è di 2.013922e-03 s

 Sono il processo 1 e la somma totale e' 500000
Il tempo impiegato da 0 è di 2.016068e-03 s

 Sono il processo 0 e la somma totale e' 1000000
Tempo totale impiegato per l'algoritmo: 2.016068e-03
****************************************************************************
(Iteration, Strategy, N, proc) = ( 7 2)
****************************************************************************
-------------------------
Eseguo: /usr/lib64/openmpi/1.4-gcc/bin/mpicc -o /homes/DMA/PDC/2024/MNGLGU98B/Progetto_Sum/Main /homes/DMA/PDC/2024/MNGLGU98B/Progetto_Sum/Main.c /homes/DMA/PDC/2024/MNGLGU98B/Progetto_Sum/Strategy.c /homes/DMA/PDC/2024/MNGLGU98B/Progetto_Sum/Utils.c
Eseguo: /usr/lib64/openmpi/1.4-gcc/bin/-machinefile hotlist -np 2 /homes/DMA/PDC/2024/MNGLGU98B/Progetto_Sum/Main
Generazione numeri randomici...
Il tempo impiegato da 1 è di 2.002001e-03 s

 Sono il processo 1 e la somma totale e' 500000
Il tempo impiegato da 0 è di 2.002001e-03 s

 Sono il processo 0 e la somma totale e' 1000000
Tempo totale impiegato per l'algoritmo: 2.002001e-03
****************************************************************************
(Iteration, Strategy, N, proc) = ( 8 2)
****************************************************************************
-------------------------
Eseguo: /usr/lib64/openmpi/1.4-gcc/bin/mpicc -o /homes/DMA/PDC/2024/MNGLGU98B/Progetto_Sum/Main /homes/DMA/PDC/2024/MNGLGU98B/Progetto_Sum/Main.c /homes/DMA/PDC/2024/MNGLGU98B/Progetto_Sum/Strategy.c /homes/DMA/PDC/2024/MNGLGU98B/Progetto_Sum/Utils.c
Eseguo: /usr/lib64/openmpi/1.4-gcc/bin/-machinefile hotlist -np 2 /homes/DMA/PDC/2024/MNGLGU98B/Progetto_Sum/Main
Generazione numeri randomici...
Il tempo impiegato da 1 è di 2.012968e-03 s

 Sono il processo 1 e la somma totale e' 500000
Il tempo impiegato da 0 è di 2.014160e-03 s

 Sono il processo 0 e la somma totale e' 1000000
Tempo totale impiegato per l'algoritmo: 2.014160e-03
****************************************************************************
(Iteration, Strategy, N, proc) = ( 9 2)
****************************************************************************
-------------------------
Eseguo: /usr/lib64/openmpi/1.4-gcc/bin/mpicc -o /homes/DMA/PDC/2024/MNGLGU98B/Progetto_Sum/Main /homes/DMA/PDC/2024/MNGLGU98B/Progetto_Sum/Main.c /homes/DMA/PDC/2024/MNGLGU98B/Progetto_Sum/Strategy.c /homes/DMA/PDC/2024/MNGLGU98B/Progetto_Sum/Utils.c
Eseguo: /usr/lib64/openmpi/1.4-gcc/bin/-machinefile hotlist -np 2 /homes/DMA/PDC/2024/MNGLGU98B/Progetto_Sum/Main
Generazione numeri randomici...
Il tempo impiegato da 1 è di 2.074957e-03 s

 Sono il processo 1 e la somma totale e' 500000
Il tempo impiegato da 0 è di 2.071142e-03 s

 Sono il processo 0 e la somma totale e' 1000000
Tempo totale impiegato per l'algoritmo: 2.074957e-03
****************************************************************************
(Iteration, Strategy, N, proc) = ( 10 2)
****************************************************************************
-------------------------
Eseguo: /usr/lib64/openmpi/1.4-gcc/bin/mpicc -o /homes/DMA/PDC/2024/MNGLGU98B/Progetto_Sum/Main /homes/DMA/PDC/2024/MNGLGU98B/Progetto_Sum/Main.c /homes/DMA/PDC/2024/MNGLGU98B/Progetto_Sum/Strategy.c /homes/DMA/PDC/2024/MNGLGU98B/Progetto_Sum/Utils.c
Eseguo: /usr/lib64/openmpi/1.4-gcc/bin/-machinefile hotlist -np 2 /homes/DMA/PDC/2024/MNGLGU98B/Progetto_Sum/Main
Generazione numeri randomici...
Il tempo impiegato da 1 è di 2.324104e-03 s

 Sono il processo 1 e la somma totale e' 500000
Il tempo impiegato da 0 è di 2.322912e-03 s

 Sono il processo 0 e la somma totale e' 1000000
Tempo totale impiegato per l'algoritmo: 2.324104e-03
