wn276.scope.unina.it
wn276.scope.unina.it
wn275.scope.unina.it
wn275.scope.unina.it
--------------------------
--------------------------
This job is allocated on 2 cpu(s) on host:
wn275.scope.unina.it
wn276.scope.unina.it
--------------------------
****************************************************************************
(Iteration, Strategy, N, proc) = ( 1 2)
****************************************************************************
-------------------------
Eseguo: /usr/lib64/openmpi/1.4-gcc/bin/mpicc -o /homes/DMA/PDC/2024/MNGLGU98B/Progetto_Sum/Main /homes/DMA/PDC/2024/MNGLGU98B/Progetto_Sum/Main.c /homes/DMA/PDC/2024/MNGLGU98B/Progetto_Sum/Strategy.c /homes/DMA/PDC/2024/MNGLGU98B/Progetto_Sum/Utils.c
Eseguo: /usr/lib64/openmpi/1.4-gcc/bin/-machinefile hotlist -np 2 /homes/DMA/PDC/2024/MNGLGU98B/Progetto_Sum/Main
Generazione numeri randomici...
Il tempo impiegato da 1 è di 3.600121e-05 s
Il tempo impiegato da 0 è di 3.600121e-05 s


 Sono il processo 0 e la somma totale e' 10000
 Sono il processo 1 e la somma totale e' 5000
Tempo totale impiegato per l'algoritmo: 3.600121e-05
****************************************************************************
(Iteration, Strategy, N, proc) = ( 2 2)
****************************************************************************
-------------------------
Eseguo: /usr/lib64/openmpi/1.4-gcc/bin/mpicc -o /homes/DMA/PDC/2024/MNGLGU98B/Progetto_Sum/Main /homes/DMA/PDC/2024/MNGLGU98B/Progetto_Sum/Main.c /homes/DMA/PDC/2024/MNGLGU98B/Progetto_Sum/Strategy.c /homes/DMA/PDC/2024/MNGLGU98B/Progetto_Sum/Utils.c
Eseguo: /usr/lib64/openmpi/1.4-gcc/bin/-machinefile hotlist -np 2 /homes/DMA/PDC/2024/MNGLGU98B/Progetto_Sum/Main
Generazione numeri randomici...
Il tempo impiegato da 1 è di 3.600121e-05 s
Il tempo impiegato da 0 è di 3.719330e-05 s

 Sono il processo 1 e la somma totale e' 5000

 Sono il processo 0 e la somma totale e' 10000
Tempo totale impiegato per l'algoritmo: 3.719330e-05
****************************************************************************
(Iteration, Strategy, N, proc) = ( 3 2)
****************************************************************************
-------------------------
Eseguo: /usr/lib64/openmpi/1.4-gcc/bin/mpicc -o /homes/DMA/PDC/2024/MNGLGU98B/Progetto_Sum/Main /homes/DMA/PDC/2024/MNGLGU98B/Progetto_Sum/Main.c /homes/DMA/PDC/2024/MNGLGU98B/Progetto_Sum/Strategy.c /homes/DMA/PDC/2024/MNGLGU98B/Progetto_Sum/Utils.c
Eseguo: /usr/lib64/openmpi/1.4-gcc/bin/-machinefile hotlist -np 2 /homes/DMA/PDC/2024/MNGLGU98B/Progetto_Sum/Main
Generazione numeri randomici...
Il tempo impiegato da 1 è di 3.290176e-05 s

Il tempo impiegato da 0 è di 3.194809e-05 s

 Sono il processo 0 e la somma totale e' 10000
Tempo totale impiegato per l'algoritmo: 3.290176e-05
 Sono il processo 1 e la somma totale e' 5000
****************************************************************************
(Iteration, Strategy, N, proc) = ( 4 2)
****************************************************************************
-------------------------
Eseguo: /usr/lib64/openmpi/1.4-gcc/bin/mpicc -o /homes/DMA/PDC/2024/MNGLGU98B/Progetto_Sum/Main /homes/DMA/PDC/2024/MNGLGU98B/Progetto_Sum/Main.c /homes/DMA/PDC/2024/MNGLGU98B/Progetto_Sum/Strategy.c /homes/DMA/PDC/2024/MNGLGU98B/Progetto_Sum/Utils.c
Eseguo: /usr/lib64/openmpi/1.4-gcc/bin/-machinefile hotlist -np 2 /homes/DMA/PDC/2024/MNGLGU98B/Progetto_Sum/Main
Generazione numeri randomici...
Il tempo impiegato da 1 è di 3.194809e-05 s
Il tempo impiegato da 0 è di 3.600121e-05 s

 Sono il processo 1 e la somma totale e' 5000

 Sono il processo 0 e la somma totale e' 10000
Tempo totale impiegato per l'algoritmo: 3.600121e-05
****************************************************************************
(Iteration, Strategy, N, proc) = ( 5 2)
****************************************************************************
-------------------------
Eseguo: /usr/lib64/openmpi/1.4-gcc/bin/mpicc -o /homes/DMA/PDC/2024/MNGLGU98B/Progetto_Sum/Main /homes/DMA/PDC/2024/MNGLGU98B/Progetto_Sum/Main.c /homes/DMA/PDC/2024/MNGLGU98B/Progetto_Sum/Strategy.c /homes/DMA/PDC/2024/MNGLGU98B/Progetto_Sum/Utils.c
Eseguo: /usr/lib64/openmpi/1.4-gcc/bin/-machinefile hotlist -np 2 /homes/DMA/PDC/2024/MNGLGU98B/Progetto_Sum/Main
Generazione numeri randomici...
Il tempo impiegato da 1 è di 3.314018e-05 s
Il tempo impiegato da 0 è di 3.385544e-05 s

 Sono il processo 1 e la somma totale e' 5000

 Sono il processo 0 e la somma totale e' 10000
Tempo totale impiegato per l'algoritmo: 3.385544e-05
****************************************************************************
(Iteration, Strategy, N, proc) = ( 6 2)
****************************************************************************
-------------------------
Eseguo: /usr/lib64/openmpi/1.4-gcc/bin/mpicc -o /homes/DMA/PDC/2024/MNGLGU98B/Progetto_Sum/Main /homes/DMA/PDC/2024/MNGLGU98B/Progetto_Sum/Main.c /homes/DMA/PDC/2024/MNGLGU98B/Progetto_Sum/Strategy.c /homes/DMA/PDC/2024/MNGLGU98B/Progetto_Sum/Utils.c
Eseguo: /usr/lib64/openmpi/1.4-gcc/bin/-machinefile hotlist -np 2 /homes/DMA/PDC/2024/MNGLGU98B/Progetto_Sum/Main
Generazione numeri randomici...
Il tempo impiegato da 1 è di 3.218651e-05 s
Il tempo impiegato da 0 è di 3.194809e-05 s

 Sono il processo 1 e la somma totale e' 5000

 Sono il processo 0 e la somma totale e' 10000
Tempo totale impiegato per l'algoritmo: 3.218651e-05
****************************************************************************
(Iteration, Strategy, N, proc) = ( 7 2)
****************************************************************************
-------------------------
Eseguo: /usr/lib64/openmpi/1.4-gcc/bin/mpicc -o /homes/DMA/PDC/2024/MNGLGU98B/Progetto_Sum/Main /homes/DMA/PDC/2024/MNGLGU98B/Progetto_Sum/Main.c /homes/DMA/PDC/2024/MNGLGU98B/Progetto_Sum/Strategy.c /homes/DMA/PDC/2024/MNGLGU98B/Progetto_Sum/Utils.c
Eseguo: /usr/lib64/openmpi/1.4-gcc/bin/-machinefile hotlist -np 2 /homes/DMA/PDC/2024/MNGLGU98B/Progetto_Sum/Main
Generazione numeri randomici...
Il tempo impiegato da 1 è di 3.194809e-05 s
Il tempo impiegato da 0 è di 3.409386e-05 s

 Sono il processo 1 e la somma totale e' 5000

 Sono il processo 0 e la somma totale e' 10000
Tempo totale impiegato per l'algoritmo: 3.409386e-05
****************************************************************************
(Iteration, Strategy, N, proc) = ( 8 2)
****************************************************************************
-------------------------
Eseguo: /usr/lib64/openmpi/1.4-gcc/bin/mpicc -o /homes/DMA/PDC/2024/MNGLGU98B/Progetto_Sum/Main /homes/DMA/PDC/2024/MNGLGU98B/Progetto_Sum/Main.c /homes/DMA/PDC/2024/MNGLGU98B/Progetto_Sum/Strategy.c /homes/DMA/PDC/2024/MNGLGU98B/Progetto_Sum/Utils.c
Eseguo: /usr/lib64/openmpi/1.4-gcc/bin/-machinefile hotlist -np 2 /homes/DMA/PDC/2024/MNGLGU98B/Progetto_Sum/Main
Generazione numeri randomici...
Il tempo impiegato da 1 è di 3.194809e-05 s
Il tempo impiegato da 0 è di 3.194809e-05 s

 Sono il processo 1 e la somma totale e' 5000

 Sono il processo 0 e la somma totale e' 10000
Tempo totale impiegato per l'algoritmo: 3.194809e-05
****************************************************************************
(Iteration, Strategy, N, proc) = ( 9 2)
****************************************************************************
-------------------------
Eseguo: /usr/lib64/openmpi/1.4-gcc/bin/mpicc -o /homes/DMA/PDC/2024/MNGLGU98B/Progetto_Sum/Main /homes/DMA/PDC/2024/MNGLGU98B/Progetto_Sum/Main.c /homes/DMA/PDC/2024/MNGLGU98B/Progetto_Sum/Strategy.c /homes/DMA/PDC/2024/MNGLGU98B/Progetto_Sum/Utils.c
Eseguo: /usr/lib64/openmpi/1.4-gcc/bin/-machinefile hotlist -np 2 /homes/DMA/PDC/2024/MNGLGU98B/Progetto_Sum/Main
Generazione numeri randomici...
Il tempo impiegato da 1 è di 3.194809e-05 s
Il tempo impiegato da 0 è di 3.099442e-05 s

 Sono il processo 1 e la somma totale e' 5000

 Sono il processo 0 e la somma totale e' 10000
Tempo totale impiegato per l'algoritmo: 3.194809e-05
****************************************************************************
(Iteration, Strategy, N, proc) = ( 10 2)
****************************************************************************
-------------------------
Eseguo: /usr/lib64/openmpi/1.4-gcc/bin/mpicc -o /homes/DMA/PDC/2024/MNGLGU98B/Progetto_Sum/Main /homes/DMA/PDC/2024/MNGLGU98B/Progetto_Sum/Main.c /homes/DMA/PDC/2024/MNGLGU98B/Progetto_Sum/Strategy.c /homes/DMA/PDC/2024/MNGLGU98B/Progetto_Sum/Utils.c
Eseguo: /usr/lib64/openmpi/1.4-gcc/bin/-machinefile hotlist -np 2 /homes/DMA/PDC/2024/MNGLGU98B/Progetto_Sum/Main
Generazione numeri randomici...
Il tempo impiegato da 1 è di 3.218651e-05 s

Il tempo impiegato da 0 è di 3.314018e-05 s
 Sono il processo 1 e la somma totale e' 5000

 Sono il processo 0 e la somma totale e' 10000
Tempo totale impiegato per l'algoritmo: 3.314018e-05
