wn279.scope.unina.it
wn279.scope.unina.it
wn278.scope.unina.it
wn278.scope.unina.it
--------------------------
--------------------------
This job is allocated on 2 cpu(s) on host:
wn278.scope.unina.it
wn279.scope.unina.it
--------------------------
****************************************************************************
(Iteration, Strategy, N, proc) = ( 1 2)
****************************************************************************
-------------------------
Eseguo: /usr/lib64/openmpi/1.4-gcc/bin/mpicc -o /homes/DMA/PDC/2024/MNGLGU98B/Progetto_Sum/Main /homes/DMA/PDC/2024/MNGLGU98B/Progetto_Sum/Main.c /homes/DMA/PDC/2024/MNGLGU98B/Progetto_Sum/Strategy.c /homes/DMA/PDC/2024/MNGLGU98B/Progetto_Sum/Utils.c
Eseguo: /usr/lib64/openmpi/1.4-gcc/bin/-machinefile hotlist -np 2 /homes/DMA/PDC/2024/MNGLGU98B/Progetto_Sum/Main
Generazione numeri randomici...
Il tempo impiegato da 1 è di 2.119541e-04 s

 Sono il processo 1 e la somma totale e' 50000
Il tempo impiegato da 0 è di 2.119541e-04 s

 Sono il processo 0 e la somma totale e' 100000
Tempo totale impiegato per l'algoritmo: 2.119541e-04
****************************************************************************
(Iteration, Strategy, N, proc) = ( 2 2)
****************************************************************************
-------------------------
Eseguo: /usr/lib64/openmpi/1.4-gcc/bin/mpicc -o /homes/DMA/PDC/2024/MNGLGU98B/Progetto_Sum/Main /homes/DMA/PDC/2024/MNGLGU98B/Progetto_Sum/Main.c /homes/DMA/PDC/2024/MNGLGU98B/Progetto_Sum/Strategy.c /homes/DMA/PDC/2024/MNGLGU98B/Progetto_Sum/Utils.c
Eseguo: /usr/lib64/openmpi/1.4-gcc/bin/-machinefile hotlist -np 2 /homes/DMA/PDC/2024/MNGLGU98B/Progetto_Sum/Main
Generazione numeri randomici...
Il tempo impiegato da 1 è di 2.360344e-04 s

Il tempo impiegato da 0 è di 2.431870e-04 s
 Sono il processo 1 e la somma totale e' 50000

 Sono il processo 0 e la somma totale e' 100000
Tempo totale impiegato per l'algoritmo: 2.431870e-04
****************************************************************************
(Iteration, Strategy, N, proc) = ( 3 2)
****************************************************************************
-------------------------
Eseguo: /usr/lib64/openmpi/1.4-gcc/bin/mpicc -o /homes/DMA/PDC/2024/MNGLGU98B/Progetto_Sum/Main /homes/DMA/PDC/2024/MNGLGU98B/Progetto_Sum/Main.c /homes/DMA/PDC/2024/MNGLGU98B/Progetto_Sum/Strategy.c /homes/DMA/PDC/2024/MNGLGU98B/Progetto_Sum/Utils.c
Eseguo: /usr/lib64/openmpi/1.4-gcc/bin/-machinefile hotlist -np 2 /homes/DMA/PDC/2024/MNGLGU98B/Progetto_Sum/Main
Generazione numeri randomici...
Il tempo impiegato da 1 è di 2.100468e-04 s

Il tempo impiegato da 0 è di 2.090931e-04 s
 Sono il processo 1 e la somma totale e' 50000

 Sono il processo 0 e la somma totale e' 100000
Tempo totale impiegato per l'algoritmo: 2.100468e-04
****************************************************************************
(Iteration, Strategy, N, proc) = ( 4 2)
****************************************************************************
-------------------------
Eseguo: /usr/lib64/openmpi/1.4-gcc/bin/mpicc -o /homes/DMA/PDC/2024/MNGLGU98B/Progetto_Sum/Main /homes/DMA/PDC/2024/MNGLGU98B/Progetto_Sum/Main.c /homes/DMA/PDC/2024/MNGLGU98B/Progetto_Sum/Strategy.c /homes/DMA/PDC/2024/MNGLGU98B/Progetto_Sum/Utils.c
Eseguo: /usr/lib64/openmpi/1.4-gcc/bin/-machinefile hotlist -np 2 /homes/DMA/PDC/2024/MNGLGU98B/Progetto_Sum/Main
Generazione numeri randomici...
Il tempo impiegato da 1 è di 2.419949e-04 s

 Sono il processo 1 e la somma totale e' 50000
Il tempo impiegato da 0 è di 2.441406e-04 s

 Sono il processo 0 e la somma totale e' 100000
Tempo totale impiegato per l'algoritmo: 2.441406e-04
****************************************************************************
(Iteration, Strategy, N, proc) = ( 5 2)
****************************************************************************
-------------------------
Eseguo: /usr/lib64/openmpi/1.4-gcc/bin/mpicc -o /homes/DMA/PDC/2024/MNGLGU98B/Progetto_Sum/Main /homes/DMA/PDC/2024/MNGLGU98B/Progetto_Sum/Main.c /homes/DMA/PDC/2024/MNGLGU98B/Progetto_Sum/Strategy.c /homes/DMA/PDC/2024/MNGLGU98B/Progetto_Sum/Utils.c
Eseguo: /usr/lib64/openmpi/1.4-gcc/bin/-machinefile hotlist -np 2 /homes/DMA/PDC/2024/MNGLGU98B/Progetto_Sum/Main
Generazione numeri randomici...
Il tempo impiegato da 1 è di 2.090931e-04 s

 Sono il processo 1 e la somma totale e' 50000
Il tempo impiegato da 0 è di 2.338886e-04 s

 Sono il processo 0 e la somma totale e' 100000
Tempo totale impiegato per l'algoritmo: 2.338886e-04
****************************************************************************
(Iteration, Strategy, N, proc) = ( 6 2)
****************************************************************************
-------------------------
Eseguo: /usr/lib64/openmpi/1.4-gcc/bin/mpicc -o /homes/DMA/PDC/2024/MNGLGU98B/Progetto_Sum/Main /homes/DMA/PDC/2024/MNGLGU98B/Progetto_Sum/Main.c /homes/DMA/PDC/2024/MNGLGU98B/Progetto_Sum/Strategy.c /homes/DMA/PDC/2024/MNGLGU98B/Progetto_Sum/Utils.c
Eseguo: /usr/lib64/openmpi/1.4-gcc/bin/-machinefile hotlist -np 2 /homes/DMA/PDC/2024/MNGLGU98B/Progetto_Sum/Main
Generazione numeri randomici...
Il tempo impiegato da 1 è di 2.100468e-04 s

 Sono il processo 1 e la somma totale e' 50000
Il tempo impiegato da 0 è di 2.379417e-04 s

 Sono il processo 0 e la somma totale e' 100000
Tempo totale impiegato per l'algoritmo: 2.379417e-04
****************************************************************************
(Iteration, Strategy, N, proc) = ( 7 2)
****************************************************************************
-------------------------
Eseguo: /usr/lib64/openmpi/1.4-gcc/bin/mpicc -o /homes/DMA/PDC/2024/MNGLGU98B/Progetto_Sum/Main /homes/DMA/PDC/2024/MNGLGU98B/Progetto_Sum/Main.c /homes/DMA/PDC/2024/MNGLGU98B/Progetto_Sum/Strategy.c /homes/DMA/PDC/2024/MNGLGU98B/Progetto_Sum/Utils.c
Eseguo: /usr/lib64/openmpi/1.4-gcc/bin/-machinefile hotlist -np 2 /homes/DMA/PDC/2024/MNGLGU98B/Progetto_Sum/Main
Generazione numeri randomici...
Il tempo impiegato da 1 è di 2.110004e-04 s
Il tempo impiegato da 0 è di 2.100468e-04 s


 Sono il processo 0 e la somma totale e' 100000
Tempo totale impiegato per l'algoritmo: 2.110004e-04
 Sono il processo 1 e la somma totale e' 50000
****************************************************************************
(Iteration, Strategy, N, proc) = ( 8 2)
****************************************************************************
-------------------------
Eseguo: /usr/lib64/openmpi/1.4-gcc/bin/mpicc -o /homes/DMA/PDC/2024/MNGLGU98B/Progetto_Sum/Main /homes/DMA/PDC/2024/MNGLGU98B/Progetto_Sum/Main.c /homes/DMA/PDC/2024/MNGLGU98B/Progetto_Sum/Strategy.c /homes/DMA/PDC/2024/MNGLGU98B/Progetto_Sum/Utils.c
Eseguo: /usr/lib64/openmpi/1.4-gcc/bin/-machinefile hotlist -np 2 /homes/DMA/PDC/2024/MNGLGU98B/Progetto_Sum/Main
Generazione numeri randomici...
Il tempo impiegato da 1 è di 2.098083e-04 s

 Sono il processo 1 e la somma totale e' 50000
Il tempo impiegato da 0 è di 2.079010e-04 s

 Sono il processo 0 e la somma totale e' 100000
Tempo totale impiegato per l'algoritmo: 2.098083e-04
****************************************************************************
(Iteration, Strategy, N, proc) = ( 9 2)
****************************************************************************
-------------------------
Eseguo: /usr/lib64/openmpi/1.4-gcc/bin/mpicc -o /homes/DMA/PDC/2024/MNGLGU98B/Progetto_Sum/Main /homes/DMA/PDC/2024/MNGLGU98B/Progetto_Sum/Main.c /homes/DMA/PDC/2024/MNGLGU98B/Progetto_Sum/Strategy.c /homes/DMA/PDC/2024/MNGLGU98B/Progetto_Sum/Utils.c
Eseguo: /usr/lib64/openmpi/1.4-gcc/bin/-machinefile hotlist -np 2 /homes/DMA/PDC/2024/MNGLGU98B/Progetto_Sum/Main
Generazione numeri randomici...
Il tempo impiegato da 1 è di 2.150536e-04 s

 Sono il processo 1 e la somma totale e' 50000
Il tempo impiegato da 0 è di 2.398491e-04 s

 Sono il processo 0 e la somma totale e' 100000
Tempo totale impiegato per l'algoritmo: 2.398491e-04
****************************************************************************
(Iteration, Strategy, N, proc) = ( 10 2)
****************************************************************************
-------------------------
Eseguo: /usr/lib64/openmpi/1.4-gcc/bin/mpicc -o /homes/DMA/PDC/2024/MNGLGU98B/Progetto_Sum/Main /homes/DMA/PDC/2024/MNGLGU98B/Progetto_Sum/Main.c /homes/DMA/PDC/2024/MNGLGU98B/Progetto_Sum/Strategy.c /homes/DMA/PDC/2024/MNGLGU98B/Progetto_Sum/Utils.c
Eseguo: /usr/lib64/openmpi/1.4-gcc/bin/-machinefile hotlist -np 2 /homes/DMA/PDC/2024/MNGLGU98B/Progetto_Sum/Main
Generazione numeri randomici...
Il tempo impiegato da 1 è di 2.419949e-04 s
Il tempo impiegato da 0 è di 2.400875e-04 s

 Sono il processo 1 e la somma totale e' 50000

 Sono il processo 0 e la somma totale e' 100000
Tempo totale impiegato per l'algoritmo: 2.419949e-04
