wn280.scope.unina.it
wn280.scope.unina.it
wn280.scope.unina.it
wn280.scope.unina.it
wn280.scope.unina.it
wn280.scope.unina.it
wn280.scope.unina.it
wn280.scope.unina.it
wn279.scope.unina.it
wn279.scope.unina.it
wn279.scope.unina.it
wn279.scope.unina.it
wn279.scope.unina.it
wn279.scope.unina.it
wn279.scope.unina.it
wn279.scope.unina.it
wn278.scope.unina.it
wn278.scope.unina.it
wn278.scope.unina.it
wn278.scope.unina.it
wn278.scope.unina.it
wn278.scope.unina.it
wn278.scope.unina.it
wn278.scope.unina.it
wn277.scope.unina.it
wn277.scope.unina.it
wn277.scope.unina.it
wn277.scope.unina.it
wn277.scope.unina.it
wn277.scope.unina.it
wn277.scope.unina.it
wn277.scope.unina.it
wn276.scope.unina.it
wn276.scope.unina.it
wn276.scope.unina.it
wn276.scope.unina.it
wn276.scope.unina.it
wn276.scope.unina.it
wn276.scope.unina.it
wn276.scope.unina.it
wn275.scope.unina.it
wn275.scope.unina.it
wn275.scope.unina.it
wn275.scope.unina.it
wn275.scope.unina.it
wn275.scope.unina.it
wn275.scope.unina.it
wn275.scope.unina.it
wn274.scope.unina.it
wn274.scope.unina.it
wn274.scope.unina.it
wn274.scope.unina.it
wn274.scope.unina.it
wn274.scope.unina.it
wn274.scope.unina.it
wn274.scope.unina.it
wn273.scope.unina.it
wn273.scope.unina.it
wn273.scope.unina.it
wn273.scope.unina.it
wn273.scope.unina.it
wn273.scope.unina.it
wn273.scope.unina.it
wn273.scope.unina.it
--------------------------
--------------------------
This job is allocated on 8 cpu(s) on host:
wn273.scope.unina.it
wn274.scope.unina.it
wn275.scope.unina.it
wn276.scope.unina.it
wn277.scope.unina.it
wn278.scope.unina.it
wn279.scope.unina.it
wn280.scope.unina.it
--------------------------
****************************************************************************
(Iteration, Strategy, N, proc) = ( 1 2 8)
****************************************************************************
-------------------------
Eseguo: /usr/lib64/openmpi/1.4-gcc/bin/mpicc -o /homes/DMA/PDC/2024/MNGLGU98B/Progetto_Sum/Main /homes/DMA/PDC/2024/MNGLGU98B/Progetto_Sum/Main.c /homes/DMA/PDC/2024/MNGLGU98B/Progetto_Sum/Strategy.c /homes/DMA/PDC/2024/MNGLGU98B/Progetto_Sum/Utils.c
Eseguo: /usr/lib64/openmpi/1.4-gcc/bin/-machinefile hotlist -np 8 /homes/DMA/PDC/2024/MNGLGU98B/Progetto_Sum/Main
Generazione numeri randomici...
Il tempo impiegato da 7 è di 5.099773e-04 s

Il tempo impiegato da 5 è di 5.059242e-04 s

 Sono il processo 5 e la somma totale e' 125000
Il tempo impiegato da 3 è di 5.030632e-04 s
Il tempo impiegato da 0 è di 5.230904e-04 s
Il tempo impiegato da 1 è di 5.068779e-04 s

 Sono il processo 1 e la somma totale e' 125000
Il tempo impiegato da 2 è di 5.121231e-04 s
Il tempo impiegato da 6 è di 5.230904e-04 s

Il tempo impiegato da 4 è di 5.300045e-04 s

 Sono il processo 0 e la somma totale e' 1000000
Tempo totale impiegato per l'algoritmo: 5.300045e-04

 Sono il processo 2 e la somma totale e' 250000

 Sono il processo 6 e la somma totale e' 250000
 Sono il processo 3 e la somma totale e' 125000

 Sono il processo 4 e la somma totale e' 500000
 Sono il processo 7 e la somma totale e' 125000
****************************************************************************
(Iteration, Strategy, N, proc) = ( 2 2 8)
****************************************************************************
-------------------------
Eseguo: /usr/lib64/openmpi/1.4-gcc/bin/mpicc -o /homes/DMA/PDC/2024/MNGLGU98B/Progetto_Sum/Main /homes/DMA/PDC/2024/MNGLGU98B/Progetto_Sum/Main.c /homes/DMA/PDC/2024/MNGLGU98B/Progetto_Sum/Strategy.c /homes/DMA/PDC/2024/MNGLGU98B/Progetto_Sum/Utils.c
Eseguo: /usr/lib64/openmpi/1.4-gcc/bin/-machinefile hotlist -np 8 /homes/DMA/PDC/2024/MNGLGU98B/Progetto_Sum/Main
Generazione numeri randomici...
Il tempo impiegato da 7 è di 5.059242e-04 s

Il tempo impiegato da 0 è di 5.190372e-04 s
Il tempo impiegato da 1 è di 5.061626e-04 s
Il tempo impiegato da 3 è di 5.080700e-04 s
Il tempo impiegato da 2 è di 5.078316e-04 s
Il tempo impiegato da 5 è di 5.049706e-04 s
Il tempo impiegato da 4 è di 5.249977e-04 s
Il tempo impiegato da 6 è di 5.190372e-04 s




 Sono il processo 2 e la somma totale e' 250000



 Sono il processo 0 e la somma totale e' 1000000
 Sono il processo 1 e la somma totale e' 125000
 Sono il processo 3 e la somma totale e' 125000
 Sono il processo 5 e la somma totale e' 125000
 Sono il processo 4 e la somma totale e' 500000
 Sono il processo 6 e la somma totale e' 250000
Tempo totale impiegato per l'algoritmo: 5.249977e-04
 Sono il processo 7 e la somma totale e' 125000
****************************************************************************
(Iteration, Strategy, N, proc) = ( 3 2 8)
****************************************************************************
-------------------------
Eseguo: /usr/lib64/openmpi/1.4-gcc/bin/mpicc -o /homes/DMA/PDC/2024/MNGLGU98B/Progetto_Sum/Main /homes/DMA/PDC/2024/MNGLGU98B/Progetto_Sum/Main.c /homes/DMA/PDC/2024/MNGLGU98B/Progetto_Sum/Strategy.c /homes/DMA/PDC/2024/MNGLGU98B/Progetto_Sum/Utils.c
Eseguo: /usr/lib64/openmpi/1.4-gcc/bin/-machinefile hotlist -np 8 /homes/DMA/PDC/2024/MNGLGU98B/Progetto_Sum/Main
Generazione numeri randomici...
Il tempo impiegato da 7 è di 5.068779e-04 s

 Sono il processo 7 e la somma totale e' 125000
Il tempo impiegato da 6 è di 5.199909e-04 s
Il tempo impiegato da 0 è di 5.209446e-04 s
Il tempo impiegato da 4 è di 5.278587e-04 s
Il tempo impiegato da 2 è di 5.049706e-04 s


Il tempo impiegato da 1 è di 5.040169e-04 s

 Sono il processo 1 e la somma totale e' 125000

Il tempo impiegato da 3 è di 5.059242e-04 s

 Sono il processo 2 e la somma totale e' 250000
Il tempo impiegato da 5 è di 5.149841e-04 s
 Sono il processo 6 e la somma totale e' 250000
 Sono il processo 0 e la somma totale e' 1000000
 Sono il processo 4 e la somma totale e' 500000


 Sono il processo 3 e la somma totale e' 125000
 Sono il processo 5 e la somma totale e' 125000
Tempo totale impiegato per l'algoritmo: 5.278587e-04
****************************************************************************
(Iteration, Strategy, N, proc) = ( 4 2 8)
****************************************************************************
-------------------------
Eseguo: /usr/lib64/openmpi/1.4-gcc/bin/mpicc -o /homes/DMA/PDC/2024/MNGLGU98B/Progetto_Sum/Main /homes/DMA/PDC/2024/MNGLGU98B/Progetto_Sum/Main.c /homes/DMA/PDC/2024/MNGLGU98B/Progetto_Sum/Strategy.c /homes/DMA/PDC/2024/MNGLGU98B/Progetto_Sum/Utils.c
Eseguo: /usr/lib64/openmpi/1.4-gcc/bin/-machinefile hotlist -np 8 /homes/DMA/PDC/2024/MNGLGU98B/Progetto_Sum/Main
Generazione numeri randomici...
Il tempo impiegato da 7 è di 5.099773e-04 s

 Sono il processo 7 e la somma totale e' 125000
Il tempo impiegato da 0 è di 5.180836e-04 s
Il tempo impiegato da 2 è di 5.080700e-04 s
Il tempo impiegato da 6 è di 5.199909e-04 s
Il tempo impiegato da 4 è di 5.240440e-04 s
Il tempo impiegato da 1 è di 5.028248e-04 s

 Sono il processo 0 e la somma totale e' 1000000
Tempo totale impiegato per l'algoritmo: 5.240440e-04

 Sono il processo 2 e la somma totale e' 250000
Il tempo impiegato da 3 è di 5.030632e-04 s
Il tempo impiegato da 5 è di 5.099773e-04 s

 Sono il processo 5 e la somma totale e' 125000


 Sono il processo 4 e la somma totale e' 500000


 Sono il processo 6 e la somma totale e' 250000
 Sono il processo 1 e la somma totale e' 125000
 Sono il processo 3 e la somma totale e' 125000
****************************************************************************
(Iteration, Strategy, N, proc) = ( 5 2 8)
****************************************************************************
-------------------------
Eseguo: /usr/lib64/openmpi/1.4-gcc/bin/mpicc -o /homes/DMA/PDC/2024/MNGLGU98B/Progetto_Sum/Main /homes/DMA/PDC/2024/MNGLGU98B/Progetto_Sum/Main.c /homes/DMA/PDC/2024/MNGLGU98B/Progetto_Sum/Strategy.c /homes/DMA/PDC/2024/MNGLGU98B/Progetto_Sum/Utils.c
Eseguo: /usr/lib64/openmpi/1.4-gcc/bin/-machinefile hotlist -np 8 /homes/DMA/PDC/2024/MNGLGU98B/Progetto_Sum/Main
Generazione numeri randomici...
Il tempo impiegato da 7 è di 5.059242e-04 s

 Sono il processo 7 e la somma totale e' 125000
Il tempo impiegato da 0 è di 5.171299e-04 s
Il tempo impiegato da 2 è di 5.078316e-04 s
Il tempo impiegato da 5 è di 5.061626e-04 s

 Sono il processo 5 e la somma totale e' 125000
Il tempo impiegato da 4 è di 5.240440e-04 s
Il tempo impiegato da 6 è di 5.180836e-04 s
Il tempo impiegato da 1 è di 5.068779e-04 s

 Sono il processo 1 e la somma totale e' 125000
Il tempo impiegato da 3 è di 5.061626e-04 s


 Sono il processo 2 e la somma totale e' 250000



 Sono il processo 0 e la somma totale e' 1000000
 Sono il processo 4 e la somma totale e' 500000
 Sono il processo 6 e la somma totale e' 250000
 Sono il processo 3 e la somma totale e' 125000
Tempo totale impiegato per l'algoritmo: 5.240440e-04
****************************************************************************
(Iteration, Strategy, N, proc) = ( 6 2 8)
****************************************************************************
-------------------------
Eseguo: /usr/lib64/openmpi/1.4-gcc/bin/mpicc -o /homes/DMA/PDC/2024/MNGLGU98B/Progetto_Sum/Main /homes/DMA/PDC/2024/MNGLGU98B/Progetto_Sum/Main.c /homes/DMA/PDC/2024/MNGLGU98B/Progetto_Sum/Strategy.c /homes/DMA/PDC/2024/MNGLGU98B/Progetto_Sum/Utils.c
Eseguo: /usr/lib64/openmpi/1.4-gcc/bin/-machinefile hotlist -np 8 /homes/DMA/PDC/2024/MNGLGU98B/Progetto_Sum/Main
Generazione numeri randomici...
Il tempo impiegato da 7 è di 5.049706e-04 s

 Sono il processo 7 e la somma totale e' 125000
Il tempo impiegato da 1 è di 5.030632e-04 s

 Sono il processo 1 e la somma totale e' 125000
Il tempo impiegato da 3 è di 5.068779e-04 s
Il tempo impiegato da 5 è di 5.109310e-04 s
Il tempo impiegato da 0 è di 5.199909e-04 s
Il tempo impiegato da 2 è di 5.059242e-04 s

Il tempo impiegato da 6 è di 5.190372e-04 s
Il tempo impiegato da 4 è di 5.261898e-04 s



 Sono il processo 2 e la somma totale e' 250000
 Sono il processo 3 e la somma totale e' 125000

 Sono il processo 6 e la somma totale e' 250000

 Sono il processo 4 e la somma totale e' 500000
 Sono il processo 5 e la somma totale e' 125000
 Sono il processo 0 e la somma totale e' 1000000
Tempo totale impiegato per l'algoritmo: 5.261898e-04
****************************************************************************
(Iteration, Strategy, N, proc) = ( 7 2 8)
****************************************************************************
-------------------------
Eseguo: /usr/lib64/openmpi/1.4-gcc/bin/mpicc -o /homes/DMA/PDC/2024/MNGLGU98B/Progetto_Sum/Main /homes/DMA/PDC/2024/MNGLGU98B/Progetto_Sum/Main.c /homes/DMA/PDC/2024/MNGLGU98B/Progetto_Sum/Strategy.c /homes/DMA/PDC/2024/MNGLGU98B/Progetto_Sum/Utils.c
Eseguo: /usr/lib64/openmpi/1.4-gcc/bin/-machinefile hotlist -np 8 /homes/DMA/PDC/2024/MNGLGU98B/Progetto_Sum/Main
Generazione numeri randomici...
Il tempo impiegato da 7 è di 5.080700e-04 s

 Sono il processo 7 e la somma totale e' 125000
Il tempo impiegato da 0 è di 5.199909e-04 s
Il tempo impiegato da 1 è di 5.071163e-04 s
Il tempo impiegato da 3 è di 5.040169e-04 s
Il tempo impiegato da 2 è di 5.090237e-04 s
Il tempo impiegato da 4 è di 5.259514e-04 s
Il tempo impiegato da 6 è di 5.199909e-04 s
Il tempo impiegato da 5 è di 5.068779e-04 s






 Sono il processo 6 e la somma totale e' 250000

 Sono il processo 0 e la somma totale e' 1000000
 Sono il processo 1 e la somma totale e' 125000
 Sono il processo 3 e la somma totale e' 125000
 Sono il processo 2 e la somma totale e' 250000
 Sono il processo 4 e la somma totale e' 500000
 Sono il processo 5 e la somma totale e' 125000
Tempo totale impiegato per l'algoritmo: 5.259514e-04
****************************************************************************
(Iteration, Strategy, N, proc) = ( 8 2 8)
****************************************************************************
-------------------------
Eseguo: /usr/lib64/openmpi/1.4-gcc/bin/mpicc -o /homes/DMA/PDC/2024/MNGLGU98B/Progetto_Sum/Main /homes/DMA/PDC/2024/MNGLGU98B/Progetto_Sum/Main.c /homes/DMA/PDC/2024/MNGLGU98B/Progetto_Sum/Strategy.c /homes/DMA/PDC/2024/MNGLGU98B/Progetto_Sum/Utils.c
Eseguo: /usr/lib64/openmpi/1.4-gcc/bin/-machinefile hotlist -np 8 /homes/DMA/PDC/2024/MNGLGU98B/Progetto_Sum/Main
Generazione numeri randomici...
Il tempo impiegato da 7 è di 5.049706e-04 s

 Sono il processo 7 e la somma totale e' 125000
Il tempo impiegato da 0 è di 5.190372e-04 s
Il tempo impiegato da 1 è di 5.028248e-04 s
Il tempo impiegato da 2 è di 5.061626e-04 s
Il tempo impiegato da 4 è di 5.259514e-04 s
Il tempo impiegato da 3 è di 5.071163e-04 s
Il tempo impiegato da 6 è di 5.190372e-04 s
Il tempo impiegato da 5 è di 5.090237e-04 s

 Sono il processo 5 e la somma totale e' 125000



 Sono il processo 2 e la somma totale e' 250000

 Sono il processo 4 e la somma totale e' 500000


 Sono il processo 0 e la somma totale e' 1000000
 Sono il processo 1 e la somma totale e' 125000
 Sono il processo 3 e la somma totale e' 125000
 Sono il processo 6 e la somma totale e' 250000
Tempo totale impiegato per l'algoritmo: 5.259514e-04
****************************************************************************
(Iteration, Strategy, N, proc) = ( 9 2 8)
****************************************************************************
-------------------------
Eseguo: /usr/lib64/openmpi/1.4-gcc/bin/mpicc -o /homes/DMA/PDC/2024/MNGLGU98B/Progetto_Sum/Main /homes/DMA/PDC/2024/MNGLGU98B/Progetto_Sum/Main.c /homes/DMA/PDC/2024/MNGLGU98B/Progetto_Sum/Strategy.c /homes/DMA/PDC/2024/MNGLGU98B/Progetto_Sum/Utils.c
Eseguo: /usr/lib64/openmpi/1.4-gcc/bin/-machinefile hotlist -np 8 /homes/DMA/PDC/2024/MNGLGU98B/Progetto_Sum/Main
Generazione numeri randomici...
Il tempo impiegato da 7 è di 5.087852e-04 s

 Sono il processo 7 e la somma totale e' 125000
Il tempo impiegato da 0 è di 5.199909e-04 s
Il tempo impiegato da 1 è di 5.068779e-04 s

 Sono il processo 1 e la somma totale e' 125000
Il tempo impiegato da 2 è di 5.080700e-04 s
Il tempo impiegato da 3 è di 5.021095e-04 s
Il tempo impiegato da 4 è di 5.259514e-04 s
Il tempo impiegato da 6 è di 5.199909e-04 s
Il tempo impiegato da 5 è di 5.061626e-04 s

 Sono il processo 0 e la somma totale e' 1000000
Tempo totale impiegato per l'algoritmo: 5.259514e-04

 Sono il processo 2 e la somma totale e' 250000


 Sono il processo 4 e la somma totale e' 500000


 Sono il processo 3 e la somma totale e' 125000
 Sono il processo 6 e la somma totale e' 250000
 Sono il processo 5 e la somma totale e' 125000
****************************************************************************
(Iteration, Strategy, N, proc) = ( 10 2 8)
****************************************************************************
-------------------------
Eseguo: /usr/lib64/openmpi/1.4-gcc/bin/mpicc -o /homes/DMA/PDC/2024/MNGLGU98B/Progetto_Sum/Main /homes/DMA/PDC/2024/MNGLGU98B/Progetto_Sum/Main.c /homes/DMA/PDC/2024/MNGLGU98B/Progetto_Sum/Strategy.c /homes/DMA/PDC/2024/MNGLGU98B/Progetto_Sum/Utils.c
Eseguo: /usr/lib64/openmpi/1.4-gcc/bin/-machinefile hotlist -np 8 /homes/DMA/PDC/2024/MNGLGU98B/Progetto_Sum/Main
Generazione numeri randomici...
Il tempo impiegato da 7 è di 5.061626e-04 s

 Sono il processo 7 e la somma totale e' 125000
Il tempo impiegato da 0 è di 5.190372e-04 s
Il tempo impiegato da 5 è di 5.099773e-04 s
Il tempo impiegato da 2 è di 5.049706e-04 s
Il tempo impiegato da 6 è di 5.190372e-04 s
Il tempo impiegato da 4 è di 5.249977e-04 s
Il tempo impiegato da 1 è di 5.030632e-04 s
Il tempo impiegato da 3 è di 5.068779e-04 s



 Sono il processo 2 e la somma totale e' 250000




 Sono il processo 0 e la somma totale e' 1000000
 Sono il processo 5 e la somma totale e' 125000
 Sono il processo 6 e la somma totale e' 250000
 Sono il processo 4 e la somma totale e' 500000
 Sono il processo 1 e la somma totale e' 125000
 Sono il processo 3 e la somma totale e' 125000
Tempo totale impiegato per l'algoritmo: 5.249977e-04
