wn276.scope.unina.it
wn276.scope.unina.it
wn276.scope.unina.it
wn276.scope.unina.it
wn275.scope.unina.it
wn275.scope.unina.it
wn275.scope.unina.it
wn275.scope.unina.it
wn274.scope.unina.it
wn274.scope.unina.it
wn274.scope.unina.it
wn274.scope.unina.it
wn273.scope.unina.it
wn273.scope.unina.it
wn273.scope.unina.it
wn273.scope.unina.it
--------------------------
--------------------------
This job is allocated on 4 cpu(s) on host:
wn273.scope.unina.it
wn274.scope.unina.it
wn275.scope.unina.it
wn276.scope.unina.it
--------------------------
****************************************************************************
(Iteration, Strategy, N, proc) = ( 1 2)
****************************************************************************
-------------------------
Eseguo: /usr/lib64/openmpi/1.4-gcc/bin/mpicc -o /homes/DMA/PDC/2024/MNGLGU98B/Progetto_Sum/Main /homes/DMA/PDC/2024/MNGLGU98B/Progetto_Sum/Main.c /homes/DMA/PDC/2024/MNGLGU98B/Progetto_Sum/Strategy.c /homes/DMA/PDC/2024/MNGLGU98B/Progetto_Sum/Utils.c
Eseguo: /usr/lib64/openmpi/1.4-gcc/bin/-machinefile hotlist -np 4 /homes/DMA/PDC/2024/MNGLGU98B/Progetto_Sum/Main
Generazione numeri randomici...
Il tempo impiegato da 3 è di 1.330376e-04 s

Il tempo impiegato da 0 è di 1.389980e-04 s
Il tempo impiegato da 1 è di 1.080036e-04 s

 Sono il processo 1 e la somma totale e' 25000
Il tempo impiegato da 2 è di 1.440048e-04 s

 Sono il processo 2 e la somma totale e' 50000

 Sono il processo 0 e la somma totale e' 100000
Tempo totale impiegato per l'algoritmo: 1.440048e-04
 Sono il processo 3 e la somma totale e' 25000
****************************************************************************
(Iteration, Strategy, N, proc) = ( 2 2)
****************************************************************************
-------------------------
Eseguo: /usr/lib64/openmpi/1.4-gcc/bin/mpicc -o /homes/DMA/PDC/2024/MNGLGU98B/Progetto_Sum/Main /homes/DMA/PDC/2024/MNGLGU98B/Progetto_Sum/Main.c /homes/DMA/PDC/2024/MNGLGU98B/Progetto_Sum/Strategy.c /homes/DMA/PDC/2024/MNGLGU98B/Progetto_Sum/Utils.c
Eseguo: /usr/lib64/openmpi/1.4-gcc/bin/-machinefile hotlist -np 4 /homes/DMA/PDC/2024/MNGLGU98B/Progetto_Sum/Main
Generazione numeri randomici...
Il tempo impiegato da 3 è di 1.208782e-04 s

Il tempo impiegato da 0 è di 1.289845e-04 s
Il tempo impiegato da 1 è di 1.101494e-04 s

 Sono il processo 0 e la somma totale e' 100000
Tempo totale impiegato per l'algoritmo: 1.339912e-04

Il tempo impiegato da 2 è di 1.339912e-04 s

 Sono il processo 2 e la somma totale e' 50000
 Sono il processo 1 e la somma totale e' 25000
 Sono il processo 3 e la somma totale e' 25000
****************************************************************************
(Iteration, Strategy, N, proc) = ( 3 2)
****************************************************************************
-------------------------
Eseguo: /usr/lib64/openmpi/1.4-gcc/bin/mpicc -o /homes/DMA/PDC/2024/MNGLGU98B/Progetto_Sum/Main /homes/DMA/PDC/2024/MNGLGU98B/Progetto_Sum/Main.c /homes/DMA/PDC/2024/MNGLGU98B/Progetto_Sum/Strategy.c /homes/DMA/PDC/2024/MNGLGU98B/Progetto_Sum/Utils.c
Eseguo: /usr/lib64/openmpi/1.4-gcc/bin/-machinefile hotlist -np 4 /homes/DMA/PDC/2024/MNGLGU98B/Progetto_Sum/Main
Generazione numeri randomici...
Il tempo impiegato da 3 è di 1.208782e-04 s

 Sono il processo 3 e la somma totale e' 25000
Il tempo impiegato da 0 è di 1.280308e-04 s
Il tempo impiegato da 1 è di 1.080036e-04 s

 Sono il processo 1 e la somma totale e' 25000
Il tempo impiegato da 2 è di 1.330376e-04 s

 Sono il processo 2 e la somma totale e' 50000

 Sono il processo 0 e la somma totale e' 100000
Tempo totale impiegato per l'algoritmo: 1.330376e-04
****************************************************************************
(Iteration, Strategy, N, proc) = ( 4 2)
****************************************************************************
-------------------------
Eseguo: /usr/lib64/openmpi/1.4-gcc/bin/mpicc -o /homes/DMA/PDC/2024/MNGLGU98B/Progetto_Sum/Main /homes/DMA/PDC/2024/MNGLGU98B/Progetto_Sum/Main.c /homes/DMA/PDC/2024/MNGLGU98B/Progetto_Sum/Strategy.c /homes/DMA/PDC/2024/MNGLGU98B/Progetto_Sum/Utils.c
Eseguo: /usr/lib64/openmpi/1.4-gcc/bin/-machinefile hotlist -np 4 /homes/DMA/PDC/2024/MNGLGU98B/Progetto_Sum/Main
Generazione numeri randomici...
Il tempo impiegato da 3 è di 1.208782e-04 s

Il tempo impiegato da 1 è di 1.080036e-04 s
Il tempo impiegato da 0 è di 1.277924e-04 s
 Sono il processo 3 e la somma totale e' 25000


Il tempo impiegato da 2 è di 1.327991e-04 s

 Sono il processo 2 e la somma totale e' 50000
 Sono il processo 1 e la somma totale e' 25000
 Sono il processo 0 e la somma totale e' 100000
Tempo totale impiegato per l'algoritmo: 1.327991e-04
****************************************************************************
(Iteration, Strategy, N, proc) = ( 5 2)
****************************************************************************
-------------------------
Eseguo: /usr/lib64/openmpi/1.4-gcc/bin/mpicc -o /homes/DMA/PDC/2024/MNGLGU98B/Progetto_Sum/Main /homes/DMA/PDC/2024/MNGLGU98B/Progetto_Sum/Main.c /homes/DMA/PDC/2024/MNGLGU98B/Progetto_Sum/Strategy.c /homes/DMA/PDC/2024/MNGLGU98B/Progetto_Sum/Utils.c
Eseguo: /usr/lib64/openmpi/1.4-gcc/bin/-machinefile hotlist -np 4 /homes/DMA/PDC/2024/MNGLGU98B/Progetto_Sum/Main
Generazione numeri randomici...
Il tempo impiegato da 3 è di 1.218319e-04 s

 Sono il processo 3 e la somma totale e' 25000
Il tempo impiegato da 0 è di 1.289845e-04 s
Il tempo impiegato da 1 è di 1.080036e-04 s

 Sono il processo 1 e la somma totale e' 25000
Il tempo impiegato da 2 è di 1.330376e-04 s

 Sono il processo 2 e la somma totale e' 50000

 Sono il processo 0 e la somma totale e' 100000
Tempo totale impiegato per l'algoritmo: 1.330376e-04
****************************************************************************
(Iteration, Strategy, N, proc) = ( 6 2)
****************************************************************************
-------------------------
Eseguo: /usr/lib64/openmpi/1.4-gcc/bin/mpicc -o /homes/DMA/PDC/2024/MNGLGU98B/Progetto_Sum/Main /homes/DMA/PDC/2024/MNGLGU98B/Progetto_Sum/Main.c /homes/DMA/PDC/2024/MNGLGU98B/Progetto_Sum/Strategy.c /homes/DMA/PDC/2024/MNGLGU98B/Progetto_Sum/Utils.c
Eseguo: /usr/lib64/openmpi/1.4-gcc/bin/-machinefile hotlist -np 4 /homes/DMA/PDC/2024/MNGLGU98B/Progetto_Sum/Main
Generazione numeri randomici...
Il tempo impiegato da 3 è di 1.211166e-04 s

 Sono il processo 3 e la somma totale e' 25000
Il tempo impiegato da 0 è di 1.270771e-04 s
Il tempo impiegato da 2 è di 1.301765e-04 s

 Sono il processo 2 e la somma totale e' 50000
Il tempo impiegato da 1 è di 1.080036e-04 s

 Sono il processo 1 e la somma totale e' 25000

 Sono il processo 0 e la somma totale e' 100000
Tempo totale impiegato per l'algoritmo: 1.301765e-04
****************************************************************************
(Iteration, Strategy, N, proc) = ( 7 2)
****************************************************************************
-------------------------
Eseguo: /usr/lib64/openmpi/1.4-gcc/bin/mpicc -o /homes/DMA/PDC/2024/MNGLGU98B/Progetto_Sum/Main /homes/DMA/PDC/2024/MNGLGU98B/Progetto_Sum/Main.c /homes/DMA/PDC/2024/MNGLGU98B/Progetto_Sum/Strategy.c /homes/DMA/PDC/2024/MNGLGU98B/Progetto_Sum/Utils.c
Eseguo: /usr/lib64/openmpi/1.4-gcc/bin/-machinefile hotlist -np 4 /homes/DMA/PDC/2024/MNGLGU98B/Progetto_Sum/Main
Generazione numeri randomici...
Il tempo impiegato da 3 è di 1.201630e-04 s

 Sono il processo 3 e la somma totale e' 25000
Il tempo impiegato da 0 è di 1.270771e-04 s
Il tempo impiegato da 1 è di 1.080036e-04 s

 Sono il processo 1 e la somma totale e' 25000
Il tempo impiegato da 2 è di 1.311302e-04 s

 Sono il processo 0 e la somma totale e' 100000
Tempo totale impiegato per l'algoritmo: 1.311302e-04

 Sono il processo 2 e la somma totale e' 50000
****************************************************************************
(Iteration, Strategy, N, proc) = ( 8 2)
****************************************************************************
-------------------------
Eseguo: /usr/lib64/openmpi/1.4-gcc/bin/mpicc -o /homes/DMA/PDC/2024/MNGLGU98B/Progetto_Sum/Main /homes/DMA/PDC/2024/MNGLGU98B/Progetto_Sum/Main.c /homes/DMA/PDC/2024/MNGLGU98B/Progetto_Sum/Strategy.c /homes/DMA/PDC/2024/MNGLGU98B/Progetto_Sum/Utils.c
Eseguo: /usr/lib64/openmpi/1.4-gcc/bin/-machinefile hotlist -np 4 /homes/DMA/PDC/2024/MNGLGU98B/Progetto_Sum/Main
Generazione numeri randomici...
Il tempo impiegato da 3 è di 1.211166e-04 s

 Sono il processo 3 e la somma totale e' 25000
Il tempo impiegato da 0 è di 1.270771e-04 s
Il tempo impiegato da 1 è di 1.080036e-04 s

 Sono il processo 1 e la somma totale e' 25000
Il tempo impiegato da 2 è di 1.311302e-04 s

 Sono il processo 2 e la somma totale e' 50000

 Sono il processo 0 e la somma totale e' 100000
Tempo totale impiegato per l'algoritmo: 1.311302e-04
****************************************************************************
(Iteration, Strategy, N, proc) = ( 9 2)
****************************************************************************
-------------------------
Eseguo: /usr/lib64/openmpi/1.4-gcc/bin/mpicc -o /homes/DMA/PDC/2024/MNGLGU98B/Progetto_Sum/Main /homes/DMA/PDC/2024/MNGLGU98B/Progetto_Sum/Main.c /homes/DMA/PDC/2024/MNGLGU98B/Progetto_Sum/Strategy.c /homes/DMA/PDC/2024/MNGLGU98B/Progetto_Sum/Utils.c
Eseguo: /usr/lib64/openmpi/1.4-gcc/bin/-machinefile hotlist -np 4 /homes/DMA/PDC/2024/MNGLGU98B/Progetto_Sum/Main
Generazione numeri randomici...
Il tempo impiegato da 3 è di 1.230240e-04 s

Il tempo impiegato da 0 è di 1.299381e-04 s
Il tempo impiegato da 1 è di 1.080036e-04 s

 Sono il processo 1 e la somma totale e' 25000
Il tempo impiegato da 2 è di 1.339912e-04 s

 Sono il processo 2 e la somma totale e' 50000

 Sono il processo 0 e la somma totale e' 100000
Tempo totale impiegato per l'algoritmo: 1.339912e-04
 Sono il processo 3 e la somma totale e' 25000
****************************************************************************
(Iteration, Strategy, N, proc) = ( 10 2)
****************************************************************************
-------------------------
Eseguo: /usr/lib64/openmpi/1.4-gcc/bin/mpicc -o /homes/DMA/PDC/2024/MNGLGU98B/Progetto_Sum/Main /homes/DMA/PDC/2024/MNGLGU98B/Progetto_Sum/Main.c /homes/DMA/PDC/2024/MNGLGU98B/Progetto_Sum/Strategy.c /homes/DMA/PDC/2024/MNGLGU98B/Progetto_Sum/Utils.c
Eseguo: /usr/lib64/openmpi/1.4-gcc/bin/-machinefile hotlist -np 4 /homes/DMA/PDC/2024/MNGLGU98B/Progetto_Sum/Main
Generazione numeri randomici...
Il tempo impiegato da 3 è di 1.220703e-04 s

Il tempo impiegato da 0 è di 1.289845e-04 s

 Sono il processo 0 e la somma totale e' 100000
Tempo totale impiegato per l'algoritmo: 1.339912e-04
Il tempo impiegato da 2 è di 1.339912e-04 s

 Sono il processo 2 e la somma totale e' 50000
Il tempo impiegato da 1 è di 1.070499e-04 s

 Sono il processo 1 e la somma totale e' 25000
 Sono il processo 3 e la somma totale e' 25000
