wn280.scope.unina.it
wn280.scope.unina.it
wn280.scope.unina.it
wn280.scope.unina.it
wn280.scope.unina.it
wn280.scope.unina.it
wn280.scope.unina.it
wn280.scope.unina.it
wn279.scope.unina.it
wn279.scope.unina.it
wn279.scope.unina.it
wn279.scope.unina.it
wn279.scope.unina.it
wn279.scope.unina.it
wn279.scope.unina.it
wn279.scope.unina.it
wn278.scope.unina.it
wn278.scope.unina.it
wn278.scope.unina.it
wn278.scope.unina.it
wn278.scope.unina.it
wn278.scope.unina.it
wn278.scope.unina.it
wn278.scope.unina.it
wn277.scope.unina.it
wn277.scope.unina.it
wn277.scope.unina.it
wn277.scope.unina.it
wn277.scope.unina.it
wn277.scope.unina.it
wn277.scope.unina.it
wn277.scope.unina.it
wn276.scope.unina.it
wn276.scope.unina.it
wn276.scope.unina.it
wn276.scope.unina.it
wn276.scope.unina.it
wn276.scope.unina.it
wn276.scope.unina.it
wn276.scope.unina.it
wn275.scope.unina.it
wn275.scope.unina.it
wn275.scope.unina.it
wn275.scope.unina.it
wn275.scope.unina.it
wn275.scope.unina.it
wn275.scope.unina.it
wn275.scope.unina.it
wn274.scope.unina.it
wn274.scope.unina.it
wn274.scope.unina.it
wn274.scope.unina.it
wn274.scope.unina.it
wn274.scope.unina.it
wn274.scope.unina.it
wn274.scope.unina.it
wn273.scope.unina.it
wn273.scope.unina.it
wn273.scope.unina.it
wn273.scope.unina.it
wn273.scope.unina.it
wn273.scope.unina.it
wn273.scope.unina.it
wn273.scope.unina.it
--------------------------
--------------------------
This job is allocated on 8 cpu(s) on host:
wn273.scope.unina.it
wn274.scope.unina.it
wn275.scope.unina.it
wn276.scope.unina.it
wn277.scope.unina.it
wn278.scope.unina.it
wn279.scope.unina.it
wn280.scope.unina.it
--------------------------
****************************************************************************
(Iteration, Strategy, N, proc) = ( 1 2 8)
****************************************************************************
-------------------------
Eseguo: /usr/lib64/openmpi/1.4-gcc/bin/mpicc -o /homes/DMA/PDC/2024/MNGLGU98B/Progetto_Sum/Main /homes/DMA/PDC/2024/MNGLGU98B/Progetto_Sum/Main.c /homes/DMA/PDC/2024/MNGLGU98B/Progetto_Sum/Strategy.c /homes/DMA/PDC/2024/MNGLGU98B/Progetto_Sum/Utils.c
Eseguo: /usr/lib64/openmpi/1.4-gcc/bin/-machinefile hotlist -np 8 /homes/DMA/PDC/2024/MNGLGU98B/Progetto_Sum/Main
Generazione numeri randomici...
Il tempo impiegato da 7 è di 1.716614e-05 s

 Sono il processo 7 e la somma totale e' 1250
Il tempo impiegato da 1 è di 1.311302e-05 s
Il tempo impiegato da 2 è di 1.621246e-05 s
Il tempo impiegato da 6 è di 5.292892e-05 s
Il tempo impiegato da 3 è di 1.406670e-05 s
Il tempo impiegato da 4 è di 5.292892e-05 s
Il tempo impiegato da 5 è di 1.716614e-05 s
Il tempo impiegato da 0 è di 5.102158e-05 s







 Sono il processo 1 e la somma totale e' 1250
 Sono il processo 2 e la somma totale e' 2500
 Sono il processo 6 e la somma totale e' 2500
 Sono il processo 3 e la somma totale e' 1250
 Sono il processo 4 e la somma totale e' 5000
 Sono il processo 5 e la somma totale e' 1250
 Sono il processo 0 e la somma totale e' 10000
Tempo totale impiegato per l'algoritmo: 5.292892e-05
****************************************************************************
(Iteration, Strategy, N, proc) = ( 2 2 8)
****************************************************************************
-------------------------
Eseguo: /usr/lib64/openmpi/1.4-gcc/bin/mpicc -o /homes/DMA/PDC/2024/MNGLGU98B/Progetto_Sum/Main /homes/DMA/PDC/2024/MNGLGU98B/Progetto_Sum/Main.c /homes/DMA/PDC/2024/MNGLGU98B/Progetto_Sum/Strategy.c /homes/DMA/PDC/2024/MNGLGU98B/Progetto_Sum/Utils.c
Eseguo: /usr/lib64/openmpi/1.4-gcc/bin/-machinefile hotlist -np 8 /homes/DMA/PDC/2024/MNGLGU98B/Progetto_Sum/Main
Generazione numeri randomici...
Il tempo impiegato da 7 è di 1.597404e-05 s

 Sono il processo 7 e la somma totale e' 1250
Il tempo impiegato da 1 è di 1.406670e-05 s
Il tempo impiegato da 3 è di 1.406670e-05 s

 Sono il processo 3 e la somma totale e' 1250
Il tempo impiegato da 5 è di 1.692772e-05 s

 Sono il processo 5 e la somma totale e' 1250
Il tempo impiegato da 6 è di 3.409386e-05 s
Il tempo impiegato da 0 è di 3.099442e-05 s

Il tempo impiegato da 4 è di 3.719330e-05 s
Il tempo impiegato da 2 è di 2.789497e-05 s

 Sono il processo 2 e la somma totale e' 2500

 Sono il processo 6 e la somma totale e' 2500

 Sono il processo 0 e la somma totale e' 10000
Tempo totale impiegato per l'algoritmo: 3.719330e-05
 Sono il processo 1 e la somma totale e' 1250

 Sono il processo 4 e la somma totale e' 5000
****************************************************************************
(Iteration, Strategy, N, proc) = ( 3 2 8)
****************************************************************************
-------------------------
Eseguo: /usr/lib64/openmpi/1.4-gcc/bin/mpicc -o /homes/DMA/PDC/2024/MNGLGU98B/Progetto_Sum/Main /homes/DMA/PDC/2024/MNGLGU98B/Progetto_Sum/Main.c /homes/DMA/PDC/2024/MNGLGU98B/Progetto_Sum/Strategy.c /homes/DMA/PDC/2024/MNGLGU98B/Progetto_Sum/Utils.c
Eseguo: /usr/lib64/openmpi/1.4-gcc/bin/-machinefile hotlist -np 8 /homes/DMA/PDC/2024/MNGLGU98B/Progetto_Sum/Main
Generazione numeri randomici...
Il tempo impiegato da 7 è di 1.597404e-05 s

 Sono il processo 7 e la somma totale e' 1250
Il tempo impiegato da 1 è di 1.311302e-05 s

 Sono il processo 1 e la somma totale e' 1250
Il tempo impiegato da 3 è di 1.406670e-05 s

 Sono il processo 3 e la somma totale e' 1250
Il tempo impiegato da 5 è di 1.692772e-05 s
Il tempo impiegato da 0 è di 3.695488e-05 s
Il tempo impiegato da 2 è di 1.597404e-05 s

Il tempo impiegato da 6 è di 4.386902e-05 s

Il tempo impiegato da 4 è di 4.482269e-05 s

 Sono il processo 2 e la somma totale e' 2500

 Sono il processo 5 e la somma totale e' 1250

 Sono il processo 4 e la somma totale e' 5000
 Sono il processo 0 e la somma totale e' 10000
 Sono il processo 6 e la somma totale e' 2500
Tempo totale impiegato per l'algoritmo: 4.482269e-05
****************************************************************************
(Iteration, Strategy, N, proc) = ( 4 2 8)
****************************************************************************
-------------------------
Eseguo: /usr/lib64/openmpi/1.4-gcc/bin/mpicc -o /homes/DMA/PDC/2024/MNGLGU98B/Progetto_Sum/Main /homes/DMA/PDC/2024/MNGLGU98B/Progetto_Sum/Main.c /homes/DMA/PDC/2024/MNGLGU98B/Progetto_Sum/Strategy.c /homes/DMA/PDC/2024/MNGLGU98B/Progetto_Sum/Utils.c
Eseguo: /usr/lib64/openmpi/1.4-gcc/bin/-machinefile hotlist -np 8 /homes/DMA/PDC/2024/MNGLGU98B/Progetto_Sum/Main
Generazione numeri randomici...
Il tempo impiegato da 7 è di 1.597404e-05 s

 Sono il processo 7 e la somma totale e' 1250
Il tempo impiegato da 0 è di 3.695488e-05 s
Il tempo impiegato da 1 è di 1.406670e-05 s
Il tempo impiegato da 3 è di 1.287460e-05 s
Il tempo impiegato da 2 è di 1.692772e-05 s
Il tempo impiegato da 4 è di 4.386902e-05 s
Il tempo impiegato da 6 è di 4.291534e-05 s
Il tempo impiegato da 5 è di 1.692772e-05 s







 Sono il processo 0 e la somma totale e' 10000
 Sono il processo 1 e la somma totale e' 1250
 Sono il processo 3 e la somma totale e' 1250
 Sono il processo 2 e la somma totale e' 2500
 Sono il processo 4 e la somma totale e' 5000
 Sono il processo 6 e la somma totale e' 2500
 Sono il processo 5 e la somma totale e' 1250
Tempo totale impiegato per l'algoritmo: 4.386902e-05
****************************************************************************
(Iteration, Strategy, N, proc) = ( 5 2 8)
****************************************************************************
-------------------------
Eseguo: /usr/lib64/openmpi/1.4-gcc/bin/mpicc -o /homes/DMA/PDC/2024/MNGLGU98B/Progetto_Sum/Main /homes/DMA/PDC/2024/MNGLGU98B/Progetto_Sum/Main.c /homes/DMA/PDC/2024/MNGLGU98B/Progetto_Sum/Strategy.c /homes/DMA/PDC/2024/MNGLGU98B/Progetto_Sum/Utils.c
Eseguo: /usr/lib64/openmpi/1.4-gcc/bin/-machinefile hotlist -np 8 /homes/DMA/PDC/2024/MNGLGU98B/Progetto_Sum/Main
Generazione numeri randomici...
Il tempo impiegato da 7 è di 1.597404e-05 s

 Sono il processo 7 e la somma totale e' 1250
Il tempo impiegato da 0 è di 2.789497e-05 s
Il tempo impiegato da 6 è di 3.004074e-05 s
Il tempo impiegato da 1 è di 1.382828e-05 s

 Sono il processo 1 e la somma totale e' 1250
Il tempo impiegato da 3 è di 1.287460e-05 s

 Sono il processo 3 e la somma totale e' 1250
Il tempo impiegato da 5 è di 1.692772e-05 s

Il tempo impiegato da 2 è di 1.811981e-05 s

 Sono il processo 2 e la somma totale e' 2500

Il tempo impiegato da 4 è di 3.504753e-05 s

 Sono il processo 6 e la somma totale e' 2500
 Sono il processo 0 e la somma totale e' 10000
 Sono il processo 5 e la somma totale e' 1250

 Sono il processo 4 e la somma totale e' 5000
Tempo totale impiegato per l'algoritmo: 3.504753e-05
****************************************************************************
(Iteration, Strategy, N, proc) = ( 6 2 8)
****************************************************************************
-------------------------
Eseguo: /usr/lib64/openmpi/1.4-gcc/bin/mpicc -o /homes/DMA/PDC/2024/MNGLGU98B/Progetto_Sum/Main /homes/DMA/PDC/2024/MNGLGU98B/Progetto_Sum/Main.c /homes/DMA/PDC/2024/MNGLGU98B/Progetto_Sum/Strategy.c /homes/DMA/PDC/2024/MNGLGU98B/Progetto_Sum/Utils.c
Eseguo: /usr/lib64/openmpi/1.4-gcc/bin/-machinefile hotlist -np 8 /homes/DMA/PDC/2024/MNGLGU98B/Progetto_Sum/Main
Generazione numeri randomici...
Il tempo impiegato da 7 è di 1.716614e-05 s

 Sono il processo 7 e la somma totale e' 1250
Il tempo impiegato da 0 è di 3.194809e-05 s
Il tempo impiegato da 1 è di 1.311302e-05 s
Il tempo impiegato da 2 è di 1.716614e-05 s
Il tempo impiegato da 5 è di 1.692772e-05 s
Il tempo impiegato da 3 è di 1.406670e-05 s
Il tempo impiegato da 6 è di 4.291534e-05 s
Il tempo impiegato da 4 è di 4.410744e-05 s







 Sono il processo 4 e la somma totale e' 5000
 Sono il processo 0 e la somma totale e' 10000
 Sono il processo 1 e la somma totale e' 1250
 Sono il processo 2 e la somma totale e' 2500
 Sono il processo 5 e la somma totale e' 1250
 Sono il processo 3 e la somma totale e' 1250
 Sono il processo 6 e la somma totale e' 2500
Tempo totale impiegato per l'algoritmo: 4.410744e-05
****************************************************************************
(Iteration, Strategy, N, proc) = ( 7 2 8)
****************************************************************************
-------------------------
Eseguo: /usr/lib64/openmpi/1.4-gcc/bin/mpicc -o /homes/DMA/PDC/2024/MNGLGU98B/Progetto_Sum/Main /homes/DMA/PDC/2024/MNGLGU98B/Progetto_Sum/Main.c /homes/DMA/PDC/2024/MNGLGU98B/Progetto_Sum/Strategy.c /homes/DMA/PDC/2024/MNGLGU98B/Progetto_Sum/Utils.c
Eseguo: /usr/lib64/openmpi/1.4-gcc/bin/-machinefile hotlist -np 8 /homes/DMA/PDC/2024/MNGLGU98B/Progetto_Sum/Main
Generazione numeri randomici...
Il tempo impiegato da 7 è di 1.597404e-05 s

 Sono il processo 7 e la somma totale e' 1250
Il tempo impiegato da 3 è di 1.406670e-05 s
Il tempo impiegato da 5 è di 1.621246e-05 s

 Sono il processo 5 e la somma totale e' 1250
Il tempo impiegato da 1 è di 1.382828e-05 s

 Sono il processo 1 e la somma totale e' 1250

Il tempo impiegato da 0 è di 4.911423e-05 s
Il tempo impiegato da 2 è di 1.692772e-05 s
 Sono il processo 3 e la somma totale e' 1250
Il tempo impiegato da 4 è di 5.698204e-05 s
Il tempo impiegato da 6 è di 5.507469e-05 s

 Sono il processo 0 e la somma totale e' 10000
Tempo totale impiegato per l'algoritmo: 5.698204e-05

 Sono il processo 2 e la somma totale e' 2500

 Sono il processo 4 e la somma totale e' 5000

 Sono il processo 6 e la somma totale e' 2500
****************************************************************************
(Iteration, Strategy, N, proc) = ( 8 2 8)
****************************************************************************
-------------------------
Eseguo: /usr/lib64/openmpi/1.4-gcc/bin/mpicc -o /homes/DMA/PDC/2024/MNGLGU98B/Progetto_Sum/Main /homes/DMA/PDC/2024/MNGLGU98B/Progetto_Sum/Main.c /homes/DMA/PDC/2024/MNGLGU98B/Progetto_Sum/Strategy.c /homes/DMA/PDC/2024/MNGLGU98B/Progetto_Sum/Utils.c
Eseguo: /usr/lib64/openmpi/1.4-gcc/bin/-machinefile hotlist -np 8 /homes/DMA/PDC/2024/MNGLGU98B/Progetto_Sum/Main
Generazione numeri randomici...
Il tempo impiegato da 7 è di 1.692772e-05 s

 Sono il processo 7 e la somma totale e' 1250
Il tempo impiegato da 1 è di 1.406670e-05 s
Il tempo impiegato da 3 è di 1.406670e-05 s
Il tempo impiegato da 5 è di 1.692772e-05 s


Il tempo impiegato da 0 è di 3.504753e-05 s

Il tempo impiegato da 2 è di 1.692772e-05 s
 Sono il processo 3 e la somma totale e' 1250
Il tempo impiegato da 6 è di 4.315376e-05 s
Il tempo impiegato da 4 è di 4.315376e-05 s
 Sono il processo 5 e la somma totale e' 1250

 Sono il processo 1 e la somma totale e' 1250



 Sono il processo 0 e la somma totale e' 10000
 Sono il processo 2 e la somma totale e' 2500
 Sono il processo 6 e la somma totale e' 2500
 Sono il processo 4 e la somma totale e' 5000
Tempo totale impiegato per l'algoritmo: 4.315376e-05
****************************************************************************
(Iteration, Strategy, N, proc) = ( 9 2 8)
****************************************************************************
-------------------------
Eseguo: /usr/lib64/openmpi/1.4-gcc/bin/mpicc -o /homes/DMA/PDC/2024/MNGLGU98B/Progetto_Sum/Main /homes/DMA/PDC/2024/MNGLGU98B/Progetto_Sum/Main.c /homes/DMA/PDC/2024/MNGLGU98B/Progetto_Sum/Strategy.c /homes/DMA/PDC/2024/MNGLGU98B/Progetto_Sum/Utils.c
Eseguo: /usr/lib64/openmpi/1.4-gcc/bin/-machinefile hotlist -np 8 /homes/DMA/PDC/2024/MNGLGU98B/Progetto_Sum/Main
Generazione numeri randomici...
Il tempo impiegato da 7 è di 1.811981e-05 s

 Sono il processo 7 e la somma totale e' 1250
Il tempo impiegato da 0 è di 3.290176e-05 s
Il tempo impiegato da 1 è di 1.406670e-05 s
Il tempo impiegato da 3 è di 1.287460e-05 s
Il tempo impiegato da 4 è di 4.410744e-05 s
Il tempo impiegato da 5 è di 1.692772e-05 s
Il tempo impiegato da 6 è di 4.315376e-05 s
Il tempo impiegato da 2 è di 1.811981e-05 s

 Sono il processo 0 e la somma totale e' 10000
Tempo totale impiegato per l'algoritmo: 4.410744e-05






 Sono il processo 1 e la somma totale e' 1250
 Sono il processo 3 e la somma totale e' 1250
 Sono il processo 4 e la somma totale e' 5000
 Sono il processo 5 e la somma totale e' 1250
 Sono il processo 6 e la somma totale e' 2500
 Sono il processo 2 e la somma totale e' 2500
****************************************************************************
(Iteration, Strategy, N, proc) = ( 10 2 8)
****************************************************************************
-------------------------
Eseguo: /usr/lib64/openmpi/1.4-gcc/bin/mpicc -o /homes/DMA/PDC/2024/MNGLGU98B/Progetto_Sum/Main /homes/DMA/PDC/2024/MNGLGU98B/Progetto_Sum/Main.c /homes/DMA/PDC/2024/MNGLGU98B/Progetto_Sum/Strategy.c /homes/DMA/PDC/2024/MNGLGU98B/Progetto_Sum/Utils.c
Eseguo: /usr/lib64/openmpi/1.4-gcc/bin/-machinefile hotlist -np 8 /homes/DMA/PDC/2024/MNGLGU98B/Progetto_Sum/Main
Generazione numeri randomici...
Il tempo impiegato da 7 è di 1.716614e-05 s

 Sono il processo 7 e la somma totale e' 1250
Il tempo impiegato da 1 è di 1.406670e-05 s
Il tempo impiegato da 5 è di 1.692772e-05 s
Il tempo impiegato da 3 è di 1.311302e-05 s
Il tempo impiegato da 0 è di 3.600121e-05 s


Il tempo impiegato da 2 è di 1.692772e-05 s

Il tempo impiegato da 6 è di 4.291534e-05 s
Il tempo impiegato da 4 è di 4.386902e-05 s

 Sono il processo 1 e la somma totale e' 1250
 Sono il processo 5 e la somma totale e' 1250

 Sono il processo 2 e la somma totale e' 2500
 Sono il processo 3 e la somma totale e' 1250

 Sono il processo 6 e la somma totale e' 2500

 Sono il processo 0 e la somma totale e' 10000
 Sono il processo 4 e la somma totale e' 5000
Tempo totale impiegato per l'algoritmo: 4.386902e-05
