wn280.scope.unina.it
--------------------------
--------------------------
This job is allocated on 1 cpu(s) on host:
wn280.scope.unina.it
--------------------------
****************************************************************************
(Iteration, Strategy, N, proc) = ( 1 2 8)
****************************************************************************
-------------------------
Eseguo: /usr/lib64/openmpi/1.4-gcc/bin/mpicc -o /homes/DMA/PDC/2024/MNGLGU98B/Progetto_Sum/Main /homes/DMA/PDC/2024/MNGLGU98B/Progetto_Sum/Main.c /homes/DMA/PDC/2024/MNGLGU98B/Progetto_Sum/Strategy.c /homes/DMA/PDC/2024/MNGLGU98B/Progetto_Sum/Utils.c
Eseguo: /usr/lib64/openmpi/1.4-gcc/bin/-machinefile hotlist -np 1 /homes/DMA/PDC/2024/MNGLGU98B/Progetto_Sum/Main
Generazione numeri randomici...
Applico la prima strategia.
Il tempo impiegato da 0 è di 4.580021e-03 s
La somma totale e' 1000000 e l'algoritmo, per calcolarla, ha impiegato 4.580021e-03.
****************************************************************************
(Iteration, Strategy, N, proc) = ( 2 2 8)
****************************************************************************
-------------------------
Eseguo: /usr/lib64/openmpi/1.4-gcc/bin/mpicc -o /homes/DMA/PDC/2024/MNGLGU98B/Progetto_Sum/Main /homes/DMA/PDC/2024/MNGLGU98B/Progetto_Sum/Main.c /homes/DMA/PDC/2024/MNGLGU98B/Progetto_Sum/Strategy.c /homes/DMA/PDC/2024/MNGLGU98B/Progetto_Sum/Utils.c
Eseguo: /usr/lib64/openmpi/1.4-gcc/bin/-machinefile hotlist -np 1 /homes/DMA/PDC/2024/MNGLGU98B/Progetto_Sum/Main
Generazione numeri randomici...
Applico la prima strategia.
Il tempo impiegato da 0 è di 3.937006e-03 s
La somma totale e' 1000000 e l'algoritmo, per calcolarla, ha impiegato 3.937006e-03.
****************************************************************************
(Iteration, Strategy, N, proc) = ( 3 2 8)
****************************************************************************
-------------------------
Eseguo: /usr/lib64/openmpi/1.4-gcc/bin/mpicc -o /homes/DMA/PDC/2024/MNGLGU98B/Progetto_Sum/Main /homes/DMA/PDC/2024/MNGLGU98B/Progetto_Sum/Main.c /homes/DMA/PDC/2024/MNGLGU98B/Progetto_Sum/Strategy.c /homes/DMA/PDC/2024/MNGLGU98B/Progetto_Sum/Utils.c
Eseguo: /usr/lib64/openmpi/1.4-gcc/bin/-machinefile hotlist -np 1 /homes/DMA/PDC/2024/MNGLGU98B/Progetto_Sum/Main
Generazione numeri randomici...
Applico la prima strategia.
Il tempo impiegato da 0 è di 3.932953e-03 s
La somma totale e' 1000000 e l'algoritmo, per calcolarla, ha impiegato 3.932953e-03.
****************************************************************************
(Iteration, Strategy, N, proc) = ( 4 2 8)
****************************************************************************
-------------------------
Eseguo: /usr/lib64/openmpi/1.4-gcc/bin/mpicc -o /homes/DMA/PDC/2024/MNGLGU98B/Progetto_Sum/Main /homes/DMA/PDC/2024/MNGLGU98B/Progetto_Sum/Main.c /homes/DMA/PDC/2024/MNGLGU98B/Progetto_Sum/Strategy.c /homes/DMA/PDC/2024/MNGLGU98B/Progetto_Sum/Utils.c
Eseguo: /usr/lib64/openmpi/1.4-gcc/bin/-machinefile hotlist -np 1 /homes/DMA/PDC/2024/MNGLGU98B/Progetto_Sum/Main
Generazione numeri randomici...
Applico la prima strategia.
Il tempo impiegato da 0 è di 4.579782e-03 s
La somma totale e' 1000000 e l'algoritmo, per calcolarla, ha impiegato 4.579782e-03.
****************************************************************************
(Iteration, Strategy, N, proc) = ( 5 2 8)
****************************************************************************
-------------------------
Eseguo: /usr/lib64/openmpi/1.4-gcc/bin/mpicc -o /homes/DMA/PDC/2024/MNGLGU98B/Progetto_Sum/Main /homes/DMA/PDC/2024/MNGLGU98B/Progetto_Sum/Main.c /homes/DMA/PDC/2024/MNGLGU98B/Progetto_Sum/Strategy.c /homes/DMA/PDC/2024/MNGLGU98B/Progetto_Sum/Utils.c
Eseguo: /usr/lib64/openmpi/1.4-gcc/bin/-machinefile hotlist -np 1 /homes/DMA/PDC/2024/MNGLGU98B/Progetto_Sum/Main
Generazione numeri randomici...
Applico la prima strategia.
Il tempo impiegato da 0 è di 3.936052e-03 s
La somma totale e' 1000000 e l'algoritmo, per calcolarla, ha impiegato 3.936052e-03.
****************************************************************************
(Iteration, Strategy, N, proc) = ( 6 2 8)
****************************************************************************
-------------------------
Eseguo: /usr/lib64/openmpi/1.4-gcc/bin/mpicc -o /homes/DMA/PDC/2024/MNGLGU98B/Progetto_Sum/Main /homes/DMA/PDC/2024/MNGLGU98B/Progetto_Sum/Main.c /homes/DMA/PDC/2024/MNGLGU98B/Progetto_Sum/Strategy.c /homes/DMA/PDC/2024/MNGLGU98B/Progetto_Sum/Utils.c
Eseguo: /usr/lib64/openmpi/1.4-gcc/bin/-machinefile hotlist -np 1 /homes/DMA/PDC/2024/MNGLGU98B/Progetto_Sum/Main
Generazione numeri randomici...
Applico la prima strategia.
Il tempo impiegato da 0 è di 4.585028e-03 s
La somma totale e' 1000000 e l'algoritmo, per calcolarla, ha impiegato 4.585028e-03.
****************************************************************************
(Iteration, Strategy, N, proc) = ( 7 2 8)
****************************************************************************
-------------------------
Eseguo: /usr/lib64/openmpi/1.4-gcc/bin/mpicc -o /homes/DMA/PDC/2024/MNGLGU98B/Progetto_Sum/Main /homes/DMA/PDC/2024/MNGLGU98B/Progetto_Sum/Main.c /homes/DMA/PDC/2024/MNGLGU98B/Progetto_Sum/Strategy.c /homes/DMA/PDC/2024/MNGLGU98B/Progetto_Sum/Utils.c
Eseguo: /usr/lib64/openmpi/1.4-gcc/bin/-machinefile hotlist -np 1 /homes/DMA/PDC/2024/MNGLGU98B/Progetto_Sum/Main
Generazione numeri randomici...
Applico la prima strategia.
Il tempo impiegato da 0 è di 3.933907e-03 s
La somma totale e' 1000000 e l'algoritmo, per calcolarla, ha impiegato 3.933907e-03.
****************************************************************************
(Iteration, Strategy, N, proc) = ( 8 2 8)
****************************************************************************
-------------------------
Eseguo: /usr/lib64/openmpi/1.4-gcc/bin/mpicc -o /homes/DMA/PDC/2024/MNGLGU98B/Progetto_Sum/Main /homes/DMA/PDC/2024/MNGLGU98B/Progetto_Sum/Main.c /homes/DMA/PDC/2024/MNGLGU98B/Progetto_Sum/Strategy.c /homes/DMA/PDC/2024/MNGLGU98B/Progetto_Sum/Utils.c
Eseguo: /usr/lib64/openmpi/1.4-gcc/bin/-machinefile hotlist -np 1 /homes/DMA/PDC/2024/MNGLGU98B/Progetto_Sum/Main
Generazione numeri randomici...
Applico la prima strategia.
Il tempo impiegato da 0 è di 3.943920e-03 s
La somma totale e' 1000000 e l'algoritmo, per calcolarla, ha impiegato 3.943920e-03.
****************************************************************************
(Iteration, Strategy, N, proc) = ( 9 2 8)
****************************************************************************
-------------------------
Eseguo: /usr/lib64/openmpi/1.4-gcc/bin/mpicc -o /homes/DMA/PDC/2024/MNGLGU98B/Progetto_Sum/Main /homes/DMA/PDC/2024/MNGLGU98B/Progetto_Sum/Main.c /homes/DMA/PDC/2024/MNGLGU98B/Progetto_Sum/Strategy.c /homes/DMA/PDC/2024/MNGLGU98B/Progetto_Sum/Utils.c
Eseguo: /usr/lib64/openmpi/1.4-gcc/bin/-machinefile hotlist -np 1 /homes/DMA/PDC/2024/MNGLGU98B/Progetto_Sum/Main
Generazione numeri randomici...
Applico la prima strategia.
Il tempo impiegato da 0 è di 4.574060e-03 s
La somma totale e' 1000000 e l'algoritmo, per calcolarla, ha impiegato 4.574060e-03.
****************************************************************************
(Iteration, Strategy, N, proc) = ( 10 2 8)
****************************************************************************
-------------------------
Eseguo: /usr/lib64/openmpi/1.4-gcc/bin/mpicc -o /homes/DMA/PDC/2024/MNGLGU98B/Progetto_Sum/Main /homes/DMA/PDC/2024/MNGLGU98B/Progetto_Sum/Main.c /homes/DMA/PDC/2024/MNGLGU98B/Progetto_Sum/Strategy.c /homes/DMA/PDC/2024/MNGLGU98B/Progetto_Sum/Utils.c
Eseguo: /usr/lib64/openmpi/1.4-gcc/bin/-machinefile hotlist -np 1 /homes/DMA/PDC/2024/MNGLGU98B/Progetto_Sum/Main
Generazione numeri randomici...
Applico la prima strategia.
Il tempo impiegato da 0 è di 3.942966e-03 s
La somma totale e' 1000000 e l'algoritmo, per calcolarla, ha impiegato 3.942966e-03.
