wn280.scope.unina.it
wn280.scope.unina.it
wn280.scope.unina.it
wn280.scope.unina.it
wn280.scope.unina.it
wn280.scope.unina.it
wn280.scope.unina.it
wn280.scope.unina.it
wn279.scope.unina.it
wn279.scope.unina.it
wn279.scope.unina.it
wn279.scope.unina.it
wn279.scope.unina.it
wn279.scope.unina.it
wn279.scope.unina.it
wn279.scope.unina.it
wn278.scope.unina.it
wn278.scope.unina.it
wn278.scope.unina.it
wn278.scope.unina.it
wn278.scope.unina.it
wn278.scope.unina.it
wn278.scope.unina.it
wn278.scope.unina.it
wn277.scope.unina.it
wn277.scope.unina.it
wn277.scope.unina.it
wn277.scope.unina.it
wn277.scope.unina.it
wn277.scope.unina.it
wn277.scope.unina.it
wn277.scope.unina.it
wn276.scope.unina.it
wn276.scope.unina.it
wn276.scope.unina.it
wn276.scope.unina.it
wn276.scope.unina.it
wn276.scope.unina.it
wn276.scope.unina.it
wn276.scope.unina.it
wn275.scope.unina.it
wn275.scope.unina.it
wn275.scope.unina.it
wn275.scope.unina.it
wn275.scope.unina.it
wn275.scope.unina.it
wn275.scope.unina.it
wn275.scope.unina.it
wn274.scope.unina.it
wn274.scope.unina.it
wn274.scope.unina.it
wn274.scope.unina.it
wn274.scope.unina.it
wn274.scope.unina.it
wn274.scope.unina.it
wn274.scope.unina.it
wn273.scope.unina.it
wn273.scope.unina.it
wn273.scope.unina.it
wn273.scope.unina.it
wn273.scope.unina.it
wn273.scope.unina.it
wn273.scope.unina.it
wn273.scope.unina.it
--------------------------
--------------------------
This job is allocated on 8 cpu(s) on host:
wn273.scope.unina.it
wn274.scope.unina.it
wn275.scope.unina.it
wn276.scope.unina.it
wn277.scope.unina.it
wn278.scope.unina.it
wn279.scope.unina.it
wn280.scope.unina.it
--------------------------
****************************************************************************
(Iteration, Strategy, N, proc) = ( 1 2 8)
****************************************************************************
-------------------------
Eseguo: /usr/lib64/openmpi/1.4-gcc/bin/mpicc -o /homes/DMA/PDC/2024/MNGLGU98B/Progetto_Sum/Main /homes/DMA/PDC/2024/MNGLGU98B/Progetto_Sum/Main.c /homes/DMA/PDC/2024/MNGLGU98B/Progetto_Sum/Strategy.c /homes/DMA/PDC/2024/MNGLGU98B/Progetto_Sum/Utils.c
Eseguo: /usr/lib64/openmpi/1.4-gcc/bin/-machinefile hotlist -np 8 /homes/DMA/PDC/2024/MNGLGU98B/Progetto_Sum/Main
Generazione numeri randomici...
Il tempo impiegato da 7 è di 6.198883e-05 s

 Sono il processo 7 e la somma totale e' 12500
Il tempo impiegato da 1 è di 5.793571e-05 s

 Sono il processo 1 e la somma totale e' 12500
Il tempo impiegato da 3 è di 5.888939e-05 s
Il tempo impiegato da 5 è di 6.103516e-05 s
Il tempo impiegato da 0 è di 7.200241e-05 s

Il tempo impiegato da 2 è di 5.984306e-05 s

Il tempo impiegato da 6 è di 7.390976e-05 s
Il tempo impiegato da 4 è di 7.891655e-05 s

 Sono il processo 0 e la somma totale e' 100000
Tempo totale impiegato per l'algoritmo: 7.891655e-05
 Sono il processo 3 e la somma totale e' 12500

 Sono il processo 2 e la somma totale e' 25000
 Sono il processo 5 e la somma totale e' 12500

 Sono il processo 6 e la somma totale e' 25000

 Sono il processo 4 e la somma totale e' 50000
****************************************************************************
(Iteration, Strategy, N, proc) = ( 2 2 8)
****************************************************************************
-------------------------
Eseguo: /usr/lib64/openmpi/1.4-gcc/bin/mpicc -o /homes/DMA/PDC/2024/MNGLGU98B/Progetto_Sum/Main /homes/DMA/PDC/2024/MNGLGU98B/Progetto_Sum/Main.c /homes/DMA/PDC/2024/MNGLGU98B/Progetto_Sum/Strategy.c /homes/DMA/PDC/2024/MNGLGU98B/Progetto_Sum/Utils.c
Eseguo: /usr/lib64/openmpi/1.4-gcc/bin/-machinefile hotlist -np 8 /homes/DMA/PDC/2024/MNGLGU98B/Progetto_Sum/Main
Generazione numeri randomici...
Il tempo impiegato da 7 è di 6.103516e-05 s

 Sono il processo 7 e la somma totale e' 12500
Il tempo impiegato da 1 è di 5.793571e-05 s

 Sono il processo 1 e la somma totale e' 12500
Il tempo impiegato da 3 è di 5.817413e-05 s
Il tempo impiegato da 5 è di 6.103516e-05 s


Il tempo impiegato da 0 è di 7.009506e-05 s
Il tempo impiegato da 2 è di 6.198883e-05 s
 Sono il processo 3 e la somma totale e' 12500
Il tempo impiegato da 4 è di 8.106232e-05 s
 Sono il processo 5 e la somma totale e' 12500
Il tempo impiegato da 6 è di 7.486343e-05 s

 Sono il processo 0 e la somma totale e' 100000
Tempo totale impiegato per l'algoritmo: 8.106232e-05

 Sono il processo 2 e la somma totale e' 25000

 Sono il processo 4 e la somma totale e' 50000

 Sono il processo 6 e la somma totale e' 25000
****************************************************************************
(Iteration, Strategy, N, proc) = ( 3 2 8)
****************************************************************************
-------------------------
Eseguo: /usr/lib64/openmpi/1.4-gcc/bin/mpicc -o /homes/DMA/PDC/2024/MNGLGU98B/Progetto_Sum/Main /homes/DMA/PDC/2024/MNGLGU98B/Progetto_Sum/Main.c /homes/DMA/PDC/2024/MNGLGU98B/Progetto_Sum/Strategy.c /homes/DMA/PDC/2024/MNGLGU98B/Progetto_Sum/Utils.c
Eseguo: /usr/lib64/openmpi/1.4-gcc/bin/-machinefile hotlist -np 8 /homes/DMA/PDC/2024/MNGLGU98B/Progetto_Sum/Main
Generazione numeri randomici...
Il tempo impiegato da 7 è di 6.198883e-05 s

 Sono il processo 7 e la somma totale e' 12500
Il tempo impiegato da 1 è di 5.888939e-05 s

 Sono il processo 1 e la somma totale e' 12500
Il tempo impiegato da 3 è di 5.793571e-05 s
Il tempo impiegato da 5 è di 6.103516e-05 s

 Sono il processo 5 e la somma totale e' 12500

Il tempo impiegato da 0 è di 7.891655e-05 s
Il tempo impiegato da 2 è di 6.008148e-05 s
 Sono il processo 3 e la somma totale e' 12500
Il tempo impiegato da 4 è di 8.606911e-05 s

 Sono il processo 4 e la somma totale e' 50000
Il tempo impiegato da 6 è di 8.082390e-05 s

 Sono il processo 0 e la somma totale e' 100000
Tempo totale impiegato per l'algoritmo: 8.606911e-05

 Sono il processo 2 e la somma totale e' 25000

 Sono il processo 6 e la somma totale e' 25000
****************************************************************************
(Iteration, Strategy, N, proc) = ( 4 2 8)
****************************************************************************
-------------------------
Eseguo: /usr/lib64/openmpi/1.4-gcc/bin/mpicc -o /homes/DMA/PDC/2024/MNGLGU98B/Progetto_Sum/Main /homes/DMA/PDC/2024/MNGLGU98B/Progetto_Sum/Main.c /homes/DMA/PDC/2024/MNGLGU98B/Progetto_Sum/Strategy.c /homes/DMA/PDC/2024/MNGLGU98B/Progetto_Sum/Utils.c
Eseguo: /usr/lib64/openmpi/1.4-gcc/bin/-machinefile hotlist -np 8 /homes/DMA/PDC/2024/MNGLGU98B/Progetto_Sum/Main
Generazione numeri randomici...
Il tempo impiegato da 7 è di 6.198883e-05 s

 Sono il processo 7 e la somma totale e' 12500
Il tempo impiegato da 1 è di 5.793571e-05 s

 Sono il processo 1 e la somma totale e' 12500
Il tempo impiegato da 3 è di 5.888939e-05 s
Il tempo impiegato da 5 è di 6.985664e-05 s
Il tempo impiegato da 0 è di 8.201599e-05 s

Il tempo impiegato da 4 è di 9.012222e-05 s
Il tempo impiegato da 2 è di 6.008148e-05 s

Il tempo impiegato da 6 è di 8.606911e-05 s

 Sono il processo 0 e la somma totale e' 100000
Tempo totale impiegato per l'algoritmo: 9.012222e-05
 Sono il processo 3 e la somma totale e' 12500


 Sono il processo 2 e la somma totale e' 25000
 Sono il processo 5 e la somma totale e' 12500

 Sono il processo 6 e la somma totale e' 25000
 Sono il processo 4 e la somma totale e' 50000
****************************************************************************
(Iteration, Strategy, N, proc) = ( 5 2 8)
****************************************************************************
-------------------------
Eseguo: /usr/lib64/openmpi/1.4-gcc/bin/mpicc -o /homes/DMA/PDC/2024/MNGLGU98B/Progetto_Sum/Main /homes/DMA/PDC/2024/MNGLGU98B/Progetto_Sum/Main.c /homes/DMA/PDC/2024/MNGLGU98B/Progetto_Sum/Strategy.c /homes/DMA/PDC/2024/MNGLGU98B/Progetto_Sum/Utils.c
Eseguo: /usr/lib64/openmpi/1.4-gcc/bin/-machinefile hotlist -np 8 /homes/DMA/PDC/2024/MNGLGU98B/Progetto_Sum/Main
Generazione numeri randomici...
Il tempo impiegato da 7 è di 6.079674e-05 s

 Sono il processo 7 e la somma totale e' 12500
Il tempo impiegato da 1 è di 5.793571e-05 s

 Sono il processo 1 e la somma totale e' 12500
Il tempo impiegato da 3 è di 5.793571e-05 s
Il tempo impiegato da 5 è di 6.198883e-05 s

 Sono il processo 5 e la somma totale e' 12500
Il tempo impiegato da 0 è di 7.605553e-05 s
Il tempo impiegato da 4 è di 8.082390e-05 s
Il tempo impiegato da 2 è di 6.198883e-05 s

Il tempo impiegato da 6 è di 7.796288e-05 s

 Sono il processo 0 e la somma totale e' 100000
Tempo totale impiegato per l'algoritmo: 8.082390e-05

 Sono il processo 4 e la somma totale e' 50000

 Sono il processo 2 e la somma totale e' 25000
 Sono il processo 3 e la somma totale e' 12500

 Sono il processo 6 e la somma totale e' 25000
****************************************************************************
(Iteration, Strategy, N, proc) = ( 6 2 8)
****************************************************************************
-------------------------
Eseguo: /usr/lib64/openmpi/1.4-gcc/bin/mpicc -o /homes/DMA/PDC/2024/MNGLGU98B/Progetto_Sum/Main /homes/DMA/PDC/2024/MNGLGU98B/Progetto_Sum/Main.c /homes/DMA/PDC/2024/MNGLGU98B/Progetto_Sum/Strategy.c /homes/DMA/PDC/2024/MNGLGU98B/Progetto_Sum/Utils.c
Eseguo: /usr/lib64/openmpi/1.4-gcc/bin/-machinefile hotlist -np 8 /homes/DMA/PDC/2024/MNGLGU98B/Progetto_Sum/Main
Generazione numeri randomici...
Il tempo impiegato da 7 è di 6.198883e-05 s

 Sono il processo 7 e la somma totale e' 12500
Il tempo impiegato da 0 è di 7.486343e-05 s
Il tempo impiegato da 2 è di 6.008148e-05 s
Il tempo impiegato da 3 è di 5.793571e-05 s
Il tempo impiegato da 5 è di 6.103516e-05 s
Il tempo impiegato da 4 è di 8.201599e-05 s
Il tempo impiegato da 6 è di 7.891655e-05 s
Il tempo impiegato da 1 è di 5.817413e-05 s

 Sono il processo 1 e la somma totale e' 12500

 Sono il processo 0 e la somma totale e' 100000
Tempo totale impiegato per l'algoritmo: 8.201599e-05

 Sono il processo 2 e la somma totale e' 25000




 Sono il processo 6 e la somma totale e' 25000
 Sono il processo 3 e la somma totale e' 12500
 Sono il processo 5 e la somma totale e' 12500
 Sono il processo 4 e la somma totale e' 50000
****************************************************************************
(Iteration, Strategy, N, proc) = ( 7 2 8)
****************************************************************************
-------------------------
Eseguo: /usr/lib64/openmpi/1.4-gcc/bin/mpicc -o /homes/DMA/PDC/2024/MNGLGU98B/Progetto_Sum/Main /homes/DMA/PDC/2024/MNGLGU98B/Progetto_Sum/Main.c /homes/DMA/PDC/2024/MNGLGU98B/Progetto_Sum/Strategy.c /homes/DMA/PDC/2024/MNGLGU98B/Progetto_Sum/Utils.c
Eseguo: /usr/lib64/openmpi/1.4-gcc/bin/-machinefile hotlist -np 8 /homes/DMA/PDC/2024/MNGLGU98B/Progetto_Sum/Main
Generazione numeri randomici...
Il tempo impiegato da 7 è di 6.103516e-05 s

 Sono il processo 7 e la somma totale e' 12500
Il tempo impiegato da 1 è di 6.008148e-05 s

 Sono il processo 1 e la somma totale e' 12500
Il tempo impiegato da 5 è di 6.699562e-05 s
Il tempo impiegato da 3 è di 5.793571e-05 s

 Sono il processo 3 e la somma totale e' 12500
Il tempo impiegato da 0 è di 7.605553e-05 s
Il tempo impiegato da 2 è di 6.008148e-05 s

Il tempo impiegato da 4 è di 8.296967e-05 s

Il tempo impiegato da 6 è di 7.605553e-05 s

 Sono il processo 0 e la somma totale e' 100000
Tempo totale impiegato per l'algoritmo: 8.296967e-05
 Sono il processo 2 e la somma totale e' 25000

 Sono il processo 5 e la somma totale e' 12500

 Sono il processo 6 e la somma totale e' 25000
 Sono il processo 4 e la somma totale e' 50000
****************************************************************************
(Iteration, Strategy, N, proc) = ( 8 2 8)
****************************************************************************
-------------------------
Eseguo: /usr/lib64/openmpi/1.4-gcc/bin/mpicc -o /homes/DMA/PDC/2024/MNGLGU98B/Progetto_Sum/Main /homes/DMA/PDC/2024/MNGLGU98B/Progetto_Sum/Main.c /homes/DMA/PDC/2024/MNGLGU98B/Progetto_Sum/Strategy.c /homes/DMA/PDC/2024/MNGLGU98B/Progetto_Sum/Utils.c
Eseguo: /usr/lib64/openmpi/1.4-gcc/bin/-machinefile hotlist -np 8 /homes/DMA/PDC/2024/MNGLGU98B/Progetto_Sum/Main
Generazione numeri randomici...
Il tempo impiegato da 7 è di 6.198883e-05 s

 Sono il processo 7 e la somma totale e' 12500
Il tempo impiegato da 1 è di 5.793571e-05 s

 Sono il processo 1 e la somma totale e' 12500
Il tempo impiegato da 3 è di 5.912781e-05 s
Il tempo impiegato da 5 è di 6.103516e-05 s
Il tempo impiegato da 0 è di 7.104874e-05 s
Il tempo impiegato da 6 è di 7.390976e-05 s

Il tempo impiegato da 2 è di 6.008148e-05 s
Il tempo impiegato da 4 è di 7.891655e-05 s


 Sono il processo 0 e la somma totale e' 100000
Tempo totale impiegato per l'algoritmo: 7.891655e-05

 Sono il processo 6 e la somma totale e' 25000
 Sono il processo 3 e la somma totale e' 12500

 Sono il processo 2 e la somma totale e' 25000

 Sono il processo 5 e la somma totale e' 12500
 Sono il processo 4 e la somma totale e' 50000
****************************************************************************
(Iteration, Strategy, N, proc) = ( 9 2 8)
****************************************************************************
-------------------------
Eseguo: /usr/lib64/openmpi/1.4-gcc/bin/mpicc -o /homes/DMA/PDC/2024/MNGLGU98B/Progetto_Sum/Main /homes/DMA/PDC/2024/MNGLGU98B/Progetto_Sum/Main.c /homes/DMA/PDC/2024/MNGLGU98B/Progetto_Sum/Strategy.c /homes/DMA/PDC/2024/MNGLGU98B/Progetto_Sum/Utils.c
Eseguo: /usr/lib64/openmpi/1.4-gcc/bin/-machinefile hotlist -np 8 /homes/DMA/PDC/2024/MNGLGU98B/Progetto_Sum/Main
Generazione numeri randomici...
Il tempo impiegato da 7 è di 6.198883e-05 s

 Sono il processo 7 e la somma totale e' 12500
Il tempo impiegato da 1 è di 5.817413e-05 s

 Sono il processo 1 e la somma totale e' 12500
Il tempo impiegato da 3 è di 5.793571e-05 s
Il tempo impiegato da 5 è di 6.103516e-05 s


Il tempo impiegato da 0 è di 7.104874e-05 s
Il tempo impiegato da 4 è di 7.390976e-05 s
 Sono il processo 3 e la somma totale e' 12500
 Sono il processo 5 e la somma totale e' 12500
Il tempo impiegato da 6 è di 7.295609e-05 s
Il tempo impiegato da 2 è di 5.984306e-05 s

 Sono il processo 0 e la somma totale e' 100000
Tempo totale impiegato per l'algoritmo: 7.390976e-05

 Sono il processo 4 e la somma totale e' 50000

 Sono il processo 6 e la somma totale e' 25000

 Sono il processo 2 e la somma totale e' 25000
****************************************************************************
(Iteration, Strategy, N, proc) = ( 10 2 8)
****************************************************************************
-------------------------
Eseguo: /usr/lib64/openmpi/1.4-gcc/bin/mpicc -o /homes/DMA/PDC/2024/MNGLGU98B/Progetto_Sum/Main /homes/DMA/PDC/2024/MNGLGU98B/Progetto_Sum/Main.c /homes/DMA/PDC/2024/MNGLGU98B/Progetto_Sum/Strategy.c /homes/DMA/PDC/2024/MNGLGU98B/Progetto_Sum/Utils.c
Eseguo: /usr/lib64/openmpi/1.4-gcc/bin/-machinefile hotlist -np 8 /homes/DMA/PDC/2024/MNGLGU98B/Progetto_Sum/Main
Generazione numeri randomici...
Il tempo impiegato da 7 è di 6.103516e-05 s

 Sono il processo 7 e la somma totale e' 12500
Il tempo impiegato da 0 è di 7.700920e-05 s
Il tempo impiegato da 1 è di 5.793571e-05 s

Il tempo impiegato da 2 è di 5.984306e-05 s
Il tempo impiegato da 3 è di 5.888939e-05 s
Il tempo impiegato da 5 è di 6.103516e-05 s
Il tempo impiegato da 6 è di 7.820129e-05 s
Il tempo impiegato da 4 è di 8.296967e-05 s

 Sono il processo 0 e la somma totale e' 100000
Tempo totale impiegato per l'algoritmo: 8.296967e-05
 Sono il processo 1 e la somma totale e' 12500

 Sono il processo 2 e la somma totale e' 25000



 Sono il processo 6 e la somma totale e' 25000

 Sono il processo 4 e la somma totale e' 50000
 Sono il processo 3 e la somma totale e' 12500
 Sono il processo 5 e la somma totale e' 12500
