wn280.scope.unina.it
wn280.scope.unina.it
wn280.scope.unina.it
wn280.scope.unina.it
wn279.scope.unina.it
wn279.scope.unina.it
wn279.scope.unina.it
wn279.scope.unina.it
wn278.scope.unina.it
wn278.scope.unina.it
wn278.scope.unina.it
wn278.scope.unina.it
wn277.scope.unina.it
wn277.scope.unina.it
wn277.scope.unina.it
wn277.scope.unina.it
--------------------------
--------------------------
This job is allocated on 4 cpu(s) on host:
wn277.scope.unina.it
wn278.scope.unina.it
wn279.scope.unina.it
wn280.scope.unina.it
--------------------------
****************************************************************************
(Iteration, Strategy, N, proc) = ( 1 2 2)
****************************************************************************
-------------------------
Eseguo: /usr/lib64/openmpi/1.4-gcc/bin/mpicc -o /homes/DMA/PDC/2024/MNGLGU98B/Progetto_Sum/Main /homes/DMA/PDC/2024/MNGLGU98B/Progetto_Sum/Main.c /homes/DMA/PDC/2024/MNGLGU98B/Progetto_Sum/Strategy.c /homes/DMA/PDC/2024/MNGLGU98B/Progetto_Sum/Utils.c
Eseguo: /usr/lib64/openmpi/1.4-gcc/bin/-machinefile hotlist -np 4 /homes/DMA/PDC/2024/MNGLGU98B/Progetto_Sum/Main
Generazione numeri randomici...
Il tempo impiegato da 3 è di 1.003027e-03 s

Il tempo impiegato da 0 è di 1.013041e-03 s
 Sono il processo 3 e la somma totale e' 250000
Il tempo impiegato da 2 è di 1.014948e-03 s

 Sono il processo 2 e la somma totale e' 500000
Il tempo impiegato da 1 è di 1.005888e-03 s

 Sono il processo 1 e la somma totale e' 250000

 Sono il processo 0 e la somma totale e' 1000000
Tempo totale impiegato per l'algoritmo: 1.014948e-03
****************************************************************************
(Iteration, Strategy, N, proc) = ( 2 2 2)
****************************************************************************
-------------------------
Eseguo: /usr/lib64/openmpi/1.4-gcc/bin/mpicc -o /homes/DMA/PDC/2024/MNGLGU98B/Progetto_Sum/Main /homes/DMA/PDC/2024/MNGLGU98B/Progetto_Sum/Main.c /homes/DMA/PDC/2024/MNGLGU98B/Progetto_Sum/Strategy.c /homes/DMA/PDC/2024/MNGLGU98B/Progetto_Sum/Utils.c
Eseguo: /usr/lib64/openmpi/1.4-gcc/bin/-machinefile hotlist -np 4 /homes/DMA/PDC/2024/MNGLGU98B/Progetto_Sum/Main
Generazione numeri randomici...
Il tempo impiegato da 3 è di 1.004219e-03 s

Il tempo impiegato da 0 è di 1.010895e-03 s
Il tempo impiegato da 1 è di 1.000881e-03 s

 Sono il processo 1 e la somma totale e' 250000
Il tempo impiegato da 2 è di 1.014948e-03 s

 Sono il processo 2 e la somma totale e' 500000

 Sono il processo 0 e la somma totale e' 1000000
Tempo totale impiegato per l'algoritmo: 1.014948e-03
 Sono il processo 3 e la somma totale e' 250000
****************************************************************************
(Iteration, Strategy, N, proc) = ( 3 2 2)
****************************************************************************
-------------------------
Eseguo: /usr/lib64/openmpi/1.4-gcc/bin/mpicc -o /homes/DMA/PDC/2024/MNGLGU98B/Progetto_Sum/Main /homes/DMA/PDC/2024/MNGLGU98B/Progetto_Sum/Main.c /homes/DMA/PDC/2024/MNGLGU98B/Progetto_Sum/Strategy.c /homes/DMA/PDC/2024/MNGLGU98B/Progetto_Sum/Utils.c
Eseguo: /usr/lib64/openmpi/1.4-gcc/bin/-machinefile hotlist -np 4 /homes/DMA/PDC/2024/MNGLGU98B/Progetto_Sum/Main
Generazione numeri randomici...
Il tempo impiegato da 3 è di 1.003027e-03 s

Il tempo impiegato da 0 è di 1.009941e-03 s
Il tempo impiegato da 2 è di 1.013994e-03 s

 Sono il processo 2 e la somma totale e' 500000
Il tempo impiegato da 1 è di 1.000166e-03 s

 Sono il processo 1 e la somma totale e' 250000

 Sono il processo 0 e la somma totale e' 1000000
Tempo totale impiegato per l'algoritmo: 1.013994e-03
 Sono il processo 3 e la somma totale e' 250000
****************************************************************************
(Iteration, Strategy, N, proc) = ( 4 2 2)
****************************************************************************
-------------------------
Eseguo: /usr/lib64/openmpi/1.4-gcc/bin/mpicc -o /homes/DMA/PDC/2024/MNGLGU98B/Progetto_Sum/Main /homes/DMA/PDC/2024/MNGLGU98B/Progetto_Sum/Main.c /homes/DMA/PDC/2024/MNGLGU98B/Progetto_Sum/Strategy.c /homes/DMA/PDC/2024/MNGLGU98B/Progetto_Sum/Utils.c
Eseguo: /usr/lib64/openmpi/1.4-gcc/bin/-machinefile hotlist -np 4 /homes/DMA/PDC/2024/MNGLGU98B/Progetto_Sum/Main
Generazione numeri randomici...
Il tempo impiegato da 3 è di 1.002789e-03 s

Il tempo impiegato da 0 è di 1.010895e-03 s
Il tempo impiegato da 1 è di 1.001835e-03 s

 Sono il processo 1 e la somma totale e' 250000
Il tempo impiegato da 2 è di 1.014948e-03 s

 Sono il processo 2 e la somma totale e' 500000

 Sono il processo 0 e la somma totale e' 1000000
Tempo totale impiegato per l'algoritmo: 1.014948e-03
 Sono il processo 3 e la somma totale e' 250000
****************************************************************************
(Iteration, Strategy, N, proc) = ( 5 2 2)
****************************************************************************
-------------------------
Eseguo: /usr/lib64/openmpi/1.4-gcc/bin/mpicc -o /homes/DMA/PDC/2024/MNGLGU98B/Progetto_Sum/Main /homes/DMA/PDC/2024/MNGLGU98B/Progetto_Sum/Main.c /homes/DMA/PDC/2024/MNGLGU98B/Progetto_Sum/Strategy.c /homes/DMA/PDC/2024/MNGLGU98B/Progetto_Sum/Utils.c
Eseguo: /usr/lib64/openmpi/1.4-gcc/bin/-machinefile hotlist -np 4 /homes/DMA/PDC/2024/MNGLGU98B/Progetto_Sum/Main
Generazione numeri randomici...
Il tempo impiegato da 3 è di 1.004934e-03 s

Il tempo impiegato da 0 è di 1.011848e-03 s
Il tempo impiegato da 1 è di 1.002073e-03 s

 Sono il processo 1 e la somma totale e' 250000
Il tempo impiegato da 2 è di 1.017094e-03 s

 Sono il processo 2 e la somma totale e' 500000

 Sono il processo 0 e la somma totale e' 1000000
Tempo totale impiegato per l'algoritmo: 1.017094e-03
 Sono il processo 3 e la somma totale e' 250000
****************************************************************************
(Iteration, Strategy, N, proc) = ( 6 2 2)
****************************************************************************
-------------------------
Eseguo: /usr/lib64/openmpi/1.4-gcc/bin/mpicc -o /homes/DMA/PDC/2024/MNGLGU98B/Progetto_Sum/Main /homes/DMA/PDC/2024/MNGLGU98B/Progetto_Sum/Main.c /homes/DMA/PDC/2024/MNGLGU98B/Progetto_Sum/Strategy.c /homes/DMA/PDC/2024/MNGLGU98B/Progetto_Sum/Utils.c
Eseguo: /usr/lib64/openmpi/1.4-gcc/bin/-machinefile hotlist -np 4 /homes/DMA/PDC/2024/MNGLGU98B/Progetto_Sum/Main
Generazione numeri randomici...
Il tempo impiegato da 3 è di 1.003027e-03 s

Il tempo impiegato da 0 è di 1.011848e-03 s
Il tempo impiegato da 2 è di 1.014948e-03 s

 Sono il processo 2 e la somma totale e' 500000
Il tempo impiegato da 1 è di 9.999275e-04 s

 Sono il processo 1 e la somma totale e' 250000

 Sono il processo 0 e la somma totale e' 1000000
Tempo totale impiegato per l'algoritmo: 1.014948e-03
 Sono il processo 3 e la somma totale e' 250000
****************************************************************************
(Iteration, Strategy, N, proc) = ( 7 2 2)
****************************************************************************
-------------------------
Eseguo: /usr/lib64/openmpi/1.4-gcc/bin/mpicc -o /homes/DMA/PDC/2024/MNGLGU98B/Progetto_Sum/Main /homes/DMA/PDC/2024/MNGLGU98B/Progetto_Sum/Main.c /homes/DMA/PDC/2024/MNGLGU98B/Progetto_Sum/Strategy.c /homes/DMA/PDC/2024/MNGLGU98B/Progetto_Sum/Utils.c
Eseguo: /usr/lib64/openmpi/1.4-gcc/bin/-machinefile hotlist -np 4 /homes/DMA/PDC/2024/MNGLGU98B/Progetto_Sum/Main
Generazione numeri randomici...
Il tempo impiegato da 3 è di 1.003981e-03 s

Il tempo impiegato da 0 è di 1.011133e-03 s
Il tempo impiegato da 1 è di 1.000881e-03 s

 Sono il processo 1 e la somma totale e' 250000
Il tempo impiegato da 2 è di 1.014948e-03 s

 Sono il processo 2 e la somma totale e' 500000

 Sono il processo 0 e la somma totale e' 1000000
Tempo totale impiegato per l'algoritmo: 1.014948e-03
 Sono il processo 3 e la somma totale e' 250000
****************************************************************************
(Iteration, Strategy, N, proc) = ( 8 2 2)
****************************************************************************
-------------------------
Eseguo: /usr/lib64/openmpi/1.4-gcc/bin/mpicc -o /homes/DMA/PDC/2024/MNGLGU98B/Progetto_Sum/Main /homes/DMA/PDC/2024/MNGLGU98B/Progetto_Sum/Main.c /homes/DMA/PDC/2024/MNGLGU98B/Progetto_Sum/Strategy.c /homes/DMA/PDC/2024/MNGLGU98B/Progetto_Sum/Utils.c
Eseguo: /usr/lib64/openmpi/1.4-gcc/bin/-machinefile hotlist -np 4 /homes/DMA/PDC/2024/MNGLGU98B/Progetto_Sum/Main
Generazione numeri randomici...
Il tempo impiegato da 3 è di 1.002789e-03 s

Il tempo impiegato da 0 è di 1.013041e-03 s
Il tempo impiegato da 1 è di 1.006126e-03 s
Il tempo impiegato da 2 è di 1.015902e-03 s

 Sono il processo 2 e la somma totale e' 500000


 Sono il processo 0 e la somma totale e' 1000000
 Sono il processo 1 e la somma totale e' 250000
 Sono il processo 3 e la somma totale e' 250000
Tempo totale impiegato per l'algoritmo: 1.015902e-03
****************************************************************************
(Iteration, Strategy, N, proc) = ( 9 2 2)
****************************************************************************
-------------------------
Eseguo: /usr/lib64/openmpi/1.4-gcc/bin/mpicc -o /homes/DMA/PDC/2024/MNGLGU98B/Progetto_Sum/Main /homes/DMA/PDC/2024/MNGLGU98B/Progetto_Sum/Main.c /homes/DMA/PDC/2024/MNGLGU98B/Progetto_Sum/Strategy.c /homes/DMA/PDC/2024/MNGLGU98B/Progetto_Sum/Utils.c
Eseguo: /usr/lib64/openmpi/1.4-gcc/bin/-machinefile hotlist -np 4 /homes/DMA/PDC/2024/MNGLGU98B/Progetto_Sum/Main
Generazione numeri randomici...
Il tempo impiegato da 3 è di 1.003027e-03 s

 Sono il processo 3 e la somma totale e' 250000
Il tempo impiegato da 1 è di 1.001120e-03 s

 Sono il processo 1 e la somma totale e' 250000
Il tempo impiegato da 0 è di 1.003981e-03 s
Il tempo impiegato da 2 è di 1.009941e-03 s

 Sono il processo 2 e la somma totale e' 500000

 Sono il processo 0 e la somma totale e' 1000000
Tempo totale impiegato per l'algoritmo: 1.009941e-03
****************************************************************************
(Iteration, Strategy, N, proc) = ( 10 2 2)
****************************************************************************
-------------------------
Eseguo: /usr/lib64/openmpi/1.4-gcc/bin/mpicc -o /homes/DMA/PDC/2024/MNGLGU98B/Progetto_Sum/Main /homes/DMA/PDC/2024/MNGLGU98B/Progetto_Sum/Main.c /homes/DMA/PDC/2024/MNGLGU98B/Progetto_Sum/Strategy.c /homes/DMA/PDC/2024/MNGLGU98B/Progetto_Sum/Utils.c
Eseguo: /usr/lib64/openmpi/1.4-gcc/bin/-machinefile hotlist -np 4 /homes/DMA/PDC/2024/MNGLGU98B/Progetto_Sum/Main
Generazione numeri randomici...
Il tempo impiegato da 3 è di 1.004934e-03 s

Il tempo impiegato da 0 è di 1.012087e-03 s
Il tempo impiegato da 1 è di 1.002073e-03 s

 Sono il processo 1 e la somma totale e' 250000
Il tempo impiegato da 2 è di 1.015902e-03 s

 Sono il processo 2 e la somma totale e' 500000

 Sono il processo 0 e la somma totale e' 1000000
Tempo totale impiegato per l'algoritmo: 1.015902e-03
 Sono il processo 3 e la somma totale e' 250000
