wn280.scope.unina.it
wn280.scope.unina.it
wn280.scope.unina.it
wn279.scope.unina.it
wn279.scope.unina.it
wn279.scope.unina.it
wn278.scope.unina.it
wn278.scope.unina.it
wn278.scope.unina.it
--------------------------
--------------------------
This job is allocated on 3 cpu(s) on host:
wn278.scope.unina.it
wn279.scope.unina.it
wn280.scope.unina.it
--------------------------
-------------------------
Eseguo: /usr/lib64/openmpi/1.4-gcc/bin/mpicc -o /homes/DMA/PDC/2024/MNGLGU98B/Progetto_Sum/Main /homes/DMA/PDC/2024/MNGLGU98B/Progetto_Sum/Main.c /homes/DMA/PDC/2024/MNGLGU98B/Progetto_Sum/Strategy.c /homes/DMA/PDC/2024/MNGLGU98B/Progetto_Sum/Utils.c
Eseguo: /usr/lib64/openmpi/1.4-gcc/bin/-machinefile hotlist -np 3 /homes/DMA/PDC/2024/MNGLGU98B/Progetto_Sum/Main
Generazione numeri randomici...
Il tempo impiegato da 2 è di 1.322794e-02 s
Il tempo impiegato da 1 è di 1.323795e-02 s
Il tempo impiegato da 0 è di 1.326799e-02 s
La somma totale e' 10000000 e l'algoritmo, per calcolarla, ha impiegato 1.326799e-02.
