wn280.scope.unina.it
wn280.scope.unina.it
wn280.scope.unina.it
wn280.scope.unina.it
wn279.scope.unina.it
wn279.scope.unina.it
wn279.scope.unina.it
wn279.scope.unina.it
wn276.scope.unina.it
wn276.scope.unina.it
wn276.scope.unina.it
wn276.scope.unina.it
wn275.scope.unina.it
wn275.scope.unina.it
wn275.scope.unina.it
wn275.scope.unina.it
--------------------------
--------------------------
This job is allocated on 4 cpu(s) on host:
wn275.scope.unina.it
wn276.scope.unina.it
wn279.scope.unina.it
wn280.scope.unina.it
--------------------------
****************************************************************************
(Iteration, Strategy, N, proc) = ( 1 2)
****************************************************************************
-------------------------
Eseguo: /usr/lib64/openmpi/1.4-gcc/bin/mpicc -o /homes/DMA/PDC/2024/MNGLGU98B/Progetto_Sum/Main /homes/DMA/PDC/2024/MNGLGU98B/Progetto_Sum/Main.c /homes/DMA/PDC/2024/MNGLGU98B/Progetto_Sum/Strategy.c /homes/DMA/PDC/2024/MNGLGU98B/Progetto_Sum/Utils.c
Eseguo: /usr/lib64/openmpi/1.4-gcc/bin/-machinefile hotlist -np 4 /homes/DMA/PDC/2024/MNGLGU98B/Progetto_Sum/Main
Generazione numeri randomici...
Il tempo impiegato da 3 è di 2.098083e-05 s

Il tempo impiegato da 0 è di 2.789497e-05 s
Il tempo impiegato da 1 è di 2.002716e-05 s

Il tempo impiegato da 2 è di 3.480911e-05 s

 Sono il processo 2 e la somma totale e' 5000

 Sono il processo 0 e la somma totale e' 10000
 Sono il processo 3 e la somma totale e' 2500
Tempo totale impiegato per l'algoritmo: 3.480911e-05
 Sono il processo 1 e la somma totale e' 2500
****************************************************************************
(Iteration, Strategy, N, proc) = ( 2 2)
****************************************************************************
-------------------------
Eseguo: /usr/lib64/openmpi/1.4-gcc/bin/mpicc -o /homes/DMA/PDC/2024/MNGLGU98B/Progetto_Sum/Main /homes/DMA/PDC/2024/MNGLGU98B/Progetto_Sum/Main.c /homes/DMA/PDC/2024/MNGLGU98B/Progetto_Sum/Strategy.c /homes/DMA/PDC/2024/MNGLGU98B/Progetto_Sum/Utils.c
Eseguo: /usr/lib64/openmpi/1.4-gcc/bin/-machinefile hotlist -np 4 /homes/DMA/PDC/2024/MNGLGU98B/Progetto_Sum/Main
Generazione numeri randomici...
Il tempo impiegato da 3 è di 2.098083e-05 s

 Sono il processo 3 e la somma totale e' 2500
Il tempo impiegato da 0 è di 3.981590e-05 s
Il tempo impiegato da 2 è di 4.696846e-05 s
Il tempo impiegato da 1 è di 1.883507e-05 s

 Sono il processo 1 e la somma totale e' 2500


 Sono il processo 0 e la somma totale e' 10000
 Sono il processo 2 e la somma totale e' 5000
Tempo totale impiegato per l'algoritmo: 4.696846e-05
****************************************************************************
(Iteration, Strategy, N, proc) = ( 3 2)
****************************************************************************
-------------------------
Eseguo: /usr/lib64/openmpi/1.4-gcc/bin/mpicc -o /homes/DMA/PDC/2024/MNGLGU98B/Progetto_Sum/Main /homes/DMA/PDC/2024/MNGLGU98B/Progetto_Sum/Main.c /homes/DMA/PDC/2024/MNGLGU98B/Progetto_Sum/Strategy.c /homes/DMA/PDC/2024/MNGLGU98B/Progetto_Sum/Utils.c
Eseguo: /usr/lib64/openmpi/1.4-gcc/bin/-machinefile hotlist -np 4 /homes/DMA/PDC/2024/MNGLGU98B/Progetto_Sum/Main
Generazione numeri randomici...
Il tempo impiegato da 3 è di 2.098083e-05 s

 Sono il processo 3 e la somma totale e' 2500
Il tempo impiegato da 0 è di 2.789497e-05 s
Il tempo impiegato da 2 è di 3.504753e-05 s

 Sono il processo 2 e la somma totale e' 5000
Il tempo impiegato da 1 è di 1.811981e-05 s

 Sono il processo 1 e la somma totale e' 2500

 Sono il processo 0 e la somma totale e' 10000
Tempo totale impiegato per l'algoritmo: 3.504753e-05
****************************************************************************
(Iteration, Strategy, N, proc) = ( 4 2)
****************************************************************************
-------------------------
Eseguo: /usr/lib64/openmpi/1.4-gcc/bin/mpicc -o /homes/DMA/PDC/2024/MNGLGU98B/Progetto_Sum/Main /homes/DMA/PDC/2024/MNGLGU98B/Progetto_Sum/Main.c /homes/DMA/PDC/2024/MNGLGU98B/Progetto_Sum/Strategy.c /homes/DMA/PDC/2024/MNGLGU98B/Progetto_Sum/Utils.c
Eseguo: /usr/lib64/openmpi/1.4-gcc/bin/-machinefile hotlist -np 4 /homes/DMA/PDC/2024/MNGLGU98B/Progetto_Sum/Main
Generazione numeri randomici...
Il tempo impiegato da 3 è di 2.789497e-05 s

Il tempo impiegato da 0 è di 3.099442e-05 s
Il tempo impiegato da 2 è di 3.910065e-05 s

 Sono il processo 2 e la somma totale e' 5000
Il tempo impiegato da 1 è di 1.907349e-05 s

 Sono il processo 1 e la somma totale e' 2500

 Sono il processo 0 e la somma totale e' 10000
Tempo totale impiegato per l'algoritmo: 3.910065e-05
 Sono il processo 3 e la somma totale e' 2500
****************************************************************************
(Iteration, Strategy, N, proc) = ( 5 2)
****************************************************************************
-------------------------
Eseguo: /usr/lib64/openmpi/1.4-gcc/bin/mpicc -o /homes/DMA/PDC/2024/MNGLGU98B/Progetto_Sum/Main /homes/DMA/PDC/2024/MNGLGU98B/Progetto_Sum/Main.c /homes/DMA/PDC/2024/MNGLGU98B/Progetto_Sum/Strategy.c /homes/DMA/PDC/2024/MNGLGU98B/Progetto_Sum/Utils.c
Eseguo: /usr/lib64/openmpi/1.4-gcc/bin/-machinefile hotlist -np 4 /homes/DMA/PDC/2024/MNGLGU98B/Progetto_Sum/Main
Generazione numeri randomici...
Il tempo impiegato da 3 è di 2.193451e-05 s

Il tempo impiegato da 0 è di 3.981590e-05 s
Il tempo impiegato da 2 è di 4.696846e-05 s
Il tempo impiegato da 1 è di 1.883507e-05 s

 Sono il processo 1 e la somma totale e' 2500


 Sono il processo 0 e la somma totale e' 10000
 Sono il processo 2 e la somma totale e' 5000
Tempo totale impiegato per l'algoritmo: 4.696846e-05
 Sono il processo 3 e la somma totale e' 2500
****************************************************************************
(Iteration, Strategy, N, proc) = ( 6 2)
****************************************************************************
-------------------------
Eseguo: /usr/lib64/openmpi/1.4-gcc/bin/mpicc -o /homes/DMA/PDC/2024/MNGLGU98B/Progetto_Sum/Main /homes/DMA/PDC/2024/MNGLGU98B/Progetto_Sum/Main.c /homes/DMA/PDC/2024/MNGLGU98B/Progetto_Sum/Strategy.c /homes/DMA/PDC/2024/MNGLGU98B/Progetto_Sum/Utils.c
Eseguo: /usr/lib64/openmpi/1.4-gcc/bin/-machinefile hotlist -np 4 /homes/DMA/PDC/2024/MNGLGU98B/Progetto_Sum/Main
Generazione numeri randomici...
Il tempo impiegato da 3 è di 2.193451e-05 s
Il tempo impiegato da 1 è di 1.788139e-05 s

 Sono il processo 1 e la somma totale e' 2500
Il tempo impiegato da 0 è di 5.197525e-05 s
Il tempo impiegato da 2 è di 5.888939e-05 s

 Sono il processo 2 e la somma totale e' 5000

 Sono il processo 0 e la somma totale e' 10000
Tempo totale impiegato per l'algoritmo: 5.888939e-05

 Sono il processo 3 e la somma totale e' 2500
****************************************************************************
(Iteration, Strategy, N, proc) = ( 7 2)
****************************************************************************
-------------------------
Eseguo: /usr/lib64/openmpi/1.4-gcc/bin/mpicc -o /homes/DMA/PDC/2024/MNGLGU98B/Progetto_Sum/Main /homes/DMA/PDC/2024/MNGLGU98B/Progetto_Sum/Main.c /homes/DMA/PDC/2024/MNGLGU98B/Progetto_Sum/Strategy.c /homes/DMA/PDC/2024/MNGLGU98B/Progetto_Sum/Utils.c
Eseguo: /usr/lib64/openmpi/1.4-gcc/bin/-machinefile hotlist -np 4 /homes/DMA/PDC/2024/MNGLGU98B/Progetto_Sum/Main
Generazione numeri randomici...
Il tempo impiegato da 3 è di 2.098083e-05 s

Il tempo impiegato da 0 è di 4.982948e-05 s
Il tempo impiegato da 1 è di 1.692772e-05 s

 Sono il processo 1 e la somma totale e' 2500
Il tempo impiegato da 2 è di 5.888939e-05 s

 Sono il processo 2 e la somma totale e' 5000

 Sono il processo 0 e la somma totale e' 10000
Tempo totale impiegato per l'algoritmo: 5.888939e-05
 Sono il processo 3 e la somma totale e' 2500
****************************************************************************
(Iteration, Strategy, N, proc) = ( 8 2)
****************************************************************************
-------------------------
Eseguo: /usr/lib64/openmpi/1.4-gcc/bin/mpicc -o /homes/DMA/PDC/2024/MNGLGU98B/Progetto_Sum/Main /homes/DMA/PDC/2024/MNGLGU98B/Progetto_Sum/Main.c /homes/DMA/PDC/2024/MNGLGU98B/Progetto_Sum/Strategy.c /homes/DMA/PDC/2024/MNGLGU98B/Progetto_Sum/Utils.c
Eseguo: /usr/lib64/openmpi/1.4-gcc/bin/-machinefile hotlist -np 4 /homes/DMA/PDC/2024/MNGLGU98B/Progetto_Sum/Main
Generazione numeri randomici...
Il tempo impiegato da 3 è di 2.408028e-05 s

Il tempo impiegato da 0 è di 3.314018e-05 s
Il tempo impiegato da 2 è di 3.910065e-05 s

 Sono il processo 2 e la somma totale e' 5000
Il tempo impiegato da 1 è di 1.883507e-05 s

 Sono il processo 1 e la somma totale e' 2500

 Sono il processo 0 e la somma totale e' 10000
Tempo totale impiegato per l'algoritmo: 3.910065e-05
 Sono il processo 3 e la somma totale e' 2500
****************************************************************************
(Iteration, Strategy, N, proc) = ( 9 2)
****************************************************************************
-------------------------
Eseguo: /usr/lib64/openmpi/1.4-gcc/bin/mpicc -o /homes/DMA/PDC/2024/MNGLGU98B/Progetto_Sum/Main /homes/DMA/PDC/2024/MNGLGU98B/Progetto_Sum/Main.c /homes/DMA/PDC/2024/MNGLGU98B/Progetto_Sum/Strategy.c /homes/DMA/PDC/2024/MNGLGU98B/Progetto_Sum/Utils.c
Eseguo: /usr/lib64/openmpi/1.4-gcc/bin/-machinefile hotlist -np 4 /homes/DMA/PDC/2024/MNGLGU98B/Progetto_Sum/Main
Generazione numeri randomici...
Il tempo impiegato da 3 è di 2.098083e-05 s

Il tempo impiegato da 0 è di 3.194809e-05 s
Il tempo impiegato da 1 è di 1.811981e-05 s

 Sono il processo 1 e la somma totale e' 2500
Il tempo impiegato da 2 è di 3.814697e-05 s

 Sono il processo 2 e la somma totale e' 5000

 Sono il processo 0 e la somma totale e' 10000
Tempo totale impiegato per l'algoritmo: 3.814697e-05
 Sono il processo 3 e la somma totale e' 2500
****************************************************************************
(Iteration, Strategy, N, proc) = ( 10 2)
****************************************************************************
-------------------------
Eseguo: /usr/lib64/openmpi/1.4-gcc/bin/mpicc -o /homes/DMA/PDC/2024/MNGLGU98B/Progetto_Sum/Main /homes/DMA/PDC/2024/MNGLGU98B/Progetto_Sum/Main.c /homes/DMA/PDC/2024/MNGLGU98B/Progetto_Sum/Strategy.c /homes/DMA/PDC/2024/MNGLGU98B/Progetto_Sum/Utils.c
Eseguo: /usr/lib64/openmpi/1.4-gcc/bin/-machinefile hotlist -np 4 /homes/DMA/PDC/2024/MNGLGU98B/Progetto_Sum/Main
Generazione numeri randomici...
Il tempo impiegato da 3 è di 2.098083e-05 s
Il tempo impiegato da 1 è di 1.811981e-05 s

 Sono il processo 1 e la somma totale e' 2500
Il tempo impiegato da 0 è di 5.102158e-05 s
Il tempo impiegato da 2 è di 5.793571e-05 s

 Sono il processo 2 e la somma totale e' 5000

 Sono il processo 3 e la somma totale e' 2500

 Sono il processo 0 e la somma totale e' 10000
Tempo totale impiegato per l'algoritmo: 5.793571e-05
