wn280.scope.unina.it
wn280.scope.unina.it
wn280.scope.unina.it
wn280.scope.unina.it
wn279.scope.unina.it
wn279.scope.unina.it
wn279.scope.unina.it
wn279.scope.unina.it
wn278.scope.unina.it
wn278.scope.unina.it
wn278.scope.unina.it
wn278.scope.unina.it
wn277.scope.unina.it
wn277.scope.unina.it
wn277.scope.unina.it
wn277.scope.unina.it
--------------------------
--------------------------
This job is allocated on 4 cpu(s) on host:
wn277.scope.unina.it
wn278.scope.unina.it
wn279.scope.unina.it
wn280.scope.unina.it
--------------------------
********************************************************************
* ITERATION  1 	--- N =  800 						 *
********************************************************************
-------------------------
Eseguo: /usr/lib64/openmpi/1.4-gcc/bin/mpicc -o /homes/DMA/PDC/2024/VTLFRZ99P/ProgettoMatxMat/Main /homes/DMA/PDC/2024/VTLFRZ99P/ProgettoMatxMat/Main.c /homes/DMA/PDC/2024/VTLFRZ99P/ProgettoMatxMat/Lib.c
Eseguo: /usr/lib64/openmpi/1.4-gcc/bin/mpiexec -machinefile hotlist -np 4 /homes/DMA/PDC/2024/VTLFRZ99P/ProgettoMatxMat/Main

Tempo impiegato per svolgere l'algoritmo: 2.393427 seconds
********************************************************************
* ITERATION  2 	--- N =  800 						 *
********************************************************************
-------------------------
Eseguo: /usr/lib64/openmpi/1.4-gcc/bin/mpicc -o /homes/DMA/PDC/2024/VTLFRZ99P/ProgettoMatxMat/Main /homes/DMA/PDC/2024/VTLFRZ99P/ProgettoMatxMat/Main.c /homes/DMA/PDC/2024/VTLFRZ99P/ProgettoMatxMat/Lib.c
Eseguo: /usr/lib64/openmpi/1.4-gcc/bin/mpiexec -machinefile hotlist -np 4 /homes/DMA/PDC/2024/VTLFRZ99P/ProgettoMatxMat/Main

Tempo impiegato per svolgere l'algoritmo: 2.432139 seconds
********************************************************************
* ITERATION  3 	--- N =  800 						 *
********************************************************************
-------------------------
Eseguo: /usr/lib64/openmpi/1.4-gcc/bin/mpicc -o /homes/DMA/PDC/2024/VTLFRZ99P/ProgettoMatxMat/Main /homes/DMA/PDC/2024/VTLFRZ99P/ProgettoMatxMat/Main.c /homes/DMA/PDC/2024/VTLFRZ99P/ProgettoMatxMat/Lib.c
Eseguo: /usr/lib64/openmpi/1.4-gcc/bin/mpiexec -machinefile hotlist -np 4 /homes/DMA/PDC/2024/VTLFRZ99P/ProgettoMatxMat/Main

Tempo impiegato per svolgere l'algoritmo: 2.400630 seconds
********************************************************************
* ITERATION  4 	--- N =  800 						 *
********************************************************************
-------------------------
Eseguo: /usr/lib64/openmpi/1.4-gcc/bin/mpicc -o /homes/DMA/PDC/2024/VTLFRZ99P/ProgettoMatxMat/Main /homes/DMA/PDC/2024/VTLFRZ99P/ProgettoMatxMat/Main.c /homes/DMA/PDC/2024/VTLFRZ99P/ProgettoMatxMat/Lib.c
Eseguo: /usr/lib64/openmpi/1.4-gcc/bin/mpiexec -machinefile hotlist -np 4 /homes/DMA/PDC/2024/VTLFRZ99P/ProgettoMatxMat/Main

Tempo impiegato per svolgere l'algoritmo: 2.405304 seconds
********************************************************************
* ITERATION  5 	--- N =  800 						 *
********************************************************************
-------------------------
Eseguo: /usr/lib64/openmpi/1.4-gcc/bin/mpicc -o /homes/DMA/PDC/2024/VTLFRZ99P/ProgettoMatxMat/Main /homes/DMA/PDC/2024/VTLFRZ99P/ProgettoMatxMat/Main.c /homes/DMA/PDC/2024/VTLFRZ99P/ProgettoMatxMat/Lib.c
Eseguo: /usr/lib64/openmpi/1.4-gcc/bin/mpiexec -machinefile hotlist -np 4 /homes/DMA/PDC/2024/VTLFRZ99P/ProgettoMatxMat/Main

Tempo impiegato per svolgere l'algoritmo: 2.389237 seconds
********************************************************************
* ITERATION  6 	--- N =  800 						 *
********************************************************************
-------------------------
Eseguo: /usr/lib64/openmpi/1.4-gcc/bin/mpicc -o /homes/DMA/PDC/2024/VTLFRZ99P/ProgettoMatxMat/Main /homes/DMA/PDC/2024/VTLFRZ99P/ProgettoMatxMat/Main.c /homes/DMA/PDC/2024/VTLFRZ99P/ProgettoMatxMat/Lib.c
Eseguo: /usr/lib64/openmpi/1.4-gcc/bin/mpiexec -machinefile hotlist -np 4 /homes/DMA/PDC/2024/VTLFRZ99P/ProgettoMatxMat/Main

Tempo impiegato per svolgere l'algoritmo: 2.402011 seconds
********************************************************************
* ITERATION  7 	--- N =  800 						 *
********************************************************************
-------------------------
Eseguo: /usr/lib64/openmpi/1.4-gcc/bin/mpicc -o /homes/DMA/PDC/2024/VTLFRZ99P/ProgettoMatxMat/Main /homes/DMA/PDC/2024/VTLFRZ99P/ProgettoMatxMat/Main.c /homes/DMA/PDC/2024/VTLFRZ99P/ProgettoMatxMat/Lib.c
Eseguo: /usr/lib64/openmpi/1.4-gcc/bin/mpiexec -machinefile hotlist -np 4 /homes/DMA/PDC/2024/VTLFRZ99P/ProgettoMatxMat/Main

Tempo impiegato per svolgere l'algoritmo: 2.489444 seconds
********************************************************************
* ITERATION  8 	--- N =  800 						 *
********************************************************************
-------------------------
Eseguo: /usr/lib64/openmpi/1.4-gcc/bin/mpicc -o /homes/DMA/PDC/2024/VTLFRZ99P/ProgettoMatxMat/Main /homes/DMA/PDC/2024/VTLFRZ99P/ProgettoMatxMat/Main.c /homes/DMA/PDC/2024/VTLFRZ99P/ProgettoMatxMat/Lib.c
Eseguo: /usr/lib64/openmpi/1.4-gcc/bin/mpiexec -machinefile hotlist -np 4 /homes/DMA/PDC/2024/VTLFRZ99P/ProgettoMatxMat/Main

Tempo impiegato per svolgere l'algoritmo: 2.382245 seconds
********************************************************************
* ITERATION  9 	--- N =  800 						 *
********************************************************************
-------------------------
Eseguo: /usr/lib64/openmpi/1.4-gcc/bin/mpicc -o /homes/DMA/PDC/2024/VTLFRZ99P/ProgettoMatxMat/Main /homes/DMA/PDC/2024/VTLFRZ99P/ProgettoMatxMat/Main.c /homes/DMA/PDC/2024/VTLFRZ99P/ProgettoMatxMat/Lib.c
Eseguo: /usr/lib64/openmpi/1.4-gcc/bin/mpiexec -machinefile hotlist -np 4 /homes/DMA/PDC/2024/VTLFRZ99P/ProgettoMatxMat/Main

Tempo impiegato per svolgere l'algoritmo: 2.398466 seconds
********************************************************************
* ITERATION  10 	--- N =  800 						 *
********************************************************************
-------------------------
Eseguo: /usr/lib64/openmpi/1.4-gcc/bin/mpicc -o /homes/DMA/PDC/2024/VTLFRZ99P/ProgettoMatxMat/Main /homes/DMA/PDC/2024/VTLFRZ99P/ProgettoMatxMat/Main.c /homes/DMA/PDC/2024/VTLFRZ99P/ProgettoMatxMat/Lib.c
Eseguo: /usr/lib64/openmpi/1.4-gcc/bin/mpiexec -machinefile hotlist -np 4 /homes/DMA/PDC/2024/VTLFRZ99P/ProgettoMatxMat/Main

Tempo impiegato per svolgere l'algoritmo: 2.388915 seconds
********************************************************************
* ITERATION  1 	--- N =  1000 						 *
********************************************************************
-------------------------
Eseguo: /usr/lib64/openmpi/1.4-gcc/bin/mpicc -o /homes/DMA/PDC/2024/VTLFRZ99P/ProgettoMatxMat/Main /homes/DMA/PDC/2024/VTLFRZ99P/ProgettoMatxMat/Main.c /homes/DMA/PDC/2024/VTLFRZ99P/ProgettoMatxMat/Lib.c
Eseguo: /usr/lib64/openmpi/1.4-gcc/bin/mpiexec -machinefile hotlist -np 4 /homes/DMA/PDC/2024/VTLFRZ99P/ProgettoMatxMat/Main

Tempo impiegato per svolgere l'algoritmo: 4.540977 seconds
********************************************************************
* ITERATION  2 	--- N =  1000 						 *
********************************************************************
-------------------------
Eseguo: /usr/lib64/openmpi/1.4-gcc/bin/mpicc -o /homes/DMA/PDC/2024/VTLFRZ99P/ProgettoMatxMat/Main /homes/DMA/PDC/2024/VTLFRZ99P/ProgettoMatxMat/Main.c /homes/DMA/PDC/2024/VTLFRZ99P/ProgettoMatxMat/Lib.c
Eseguo: /usr/lib64/openmpi/1.4-gcc/bin/mpiexec -machinefile hotlist -np 4 /homes/DMA/PDC/2024/VTLFRZ99P/ProgettoMatxMat/Main

Tempo impiegato per svolgere l'algoritmo: 4.497060 seconds
********************************************************************
* ITERATION  3 	--- N =  1000 						 *
********************************************************************
-------------------------
Eseguo: /usr/lib64/openmpi/1.4-gcc/bin/mpicc -o /homes/DMA/PDC/2024/VTLFRZ99P/ProgettoMatxMat/Main /homes/DMA/PDC/2024/VTLFRZ99P/ProgettoMatxMat/Main.c /homes/DMA/PDC/2024/VTLFRZ99P/ProgettoMatxMat/Lib.c
Eseguo: /usr/lib64/openmpi/1.4-gcc/bin/mpiexec -machinefile hotlist -np 4 /homes/DMA/PDC/2024/VTLFRZ99P/ProgettoMatxMat/Main

Tempo impiegato per svolgere l'algoritmo: 4.551015 seconds
********************************************************************
* ITERATION  4 	--- N =  1000 						 *
********************************************************************
-------------------------
Eseguo: /usr/lib64/openmpi/1.4-gcc/bin/mpicc -o /homes/DMA/PDC/2024/VTLFRZ99P/ProgettoMatxMat/Main /homes/DMA/PDC/2024/VTLFRZ99P/ProgettoMatxMat/Main.c /homes/DMA/PDC/2024/VTLFRZ99P/ProgettoMatxMat/Lib.c
Eseguo: /usr/lib64/openmpi/1.4-gcc/bin/mpiexec -machinefile hotlist -np 4 /homes/DMA/PDC/2024/VTLFRZ99P/ProgettoMatxMat/Main

Tempo impiegato per svolgere l'algoritmo: 4.514061 seconds
********************************************************************
* ITERATION  5 	--- N =  1000 						 *
********************************************************************
-------------------------
Eseguo: /usr/lib64/openmpi/1.4-gcc/bin/mpicc -o /homes/DMA/PDC/2024/VTLFRZ99P/ProgettoMatxMat/Main /homes/DMA/PDC/2024/VTLFRZ99P/ProgettoMatxMat/Main.c /homes/DMA/PDC/2024/VTLFRZ99P/ProgettoMatxMat/Lib.c
Eseguo: /usr/lib64/openmpi/1.4-gcc/bin/mpiexec -machinefile hotlist -np 4 /homes/DMA/PDC/2024/VTLFRZ99P/ProgettoMatxMat/Main

Tempo impiegato per svolgere l'algoritmo: 4.516275 seconds
********************************************************************
* ITERATION  6 	--- N =  1000 						 *
********************************************************************
-------------------------
Eseguo: /usr/lib64/openmpi/1.4-gcc/bin/mpicc -o /homes/DMA/PDC/2024/VTLFRZ99P/ProgettoMatxMat/Main /homes/DMA/PDC/2024/VTLFRZ99P/ProgettoMatxMat/Main.c /homes/DMA/PDC/2024/VTLFRZ99P/ProgettoMatxMat/Lib.c
Eseguo: /usr/lib64/openmpi/1.4-gcc/bin/mpiexec -machinefile hotlist -np 4 /homes/DMA/PDC/2024/VTLFRZ99P/ProgettoMatxMat/Main

Tempo impiegato per svolgere l'algoritmo: 4.509030 seconds
********************************************************************
* ITERATION  7 	--- N =  1000 						 *
********************************************************************
-------------------------
Eseguo: /usr/lib64/openmpi/1.4-gcc/bin/mpicc -o /homes/DMA/PDC/2024/VTLFRZ99P/ProgettoMatxMat/Main /homes/DMA/PDC/2024/VTLFRZ99P/ProgettoMatxMat/Main.c /homes/DMA/PDC/2024/VTLFRZ99P/ProgettoMatxMat/Lib.c
Eseguo: /usr/lib64/openmpi/1.4-gcc/bin/mpiexec -machinefile hotlist -np 4 /homes/DMA/PDC/2024/VTLFRZ99P/ProgettoMatxMat/Main

Tempo impiegato per svolgere l'algoritmo: 4.510415 seconds
********************************************************************
* ITERATION  8 	--- N =  1000 						 *
********************************************************************
-------------------------
Eseguo: /usr/lib64/openmpi/1.4-gcc/bin/mpicc -o /homes/DMA/PDC/2024/VTLFRZ99P/ProgettoMatxMat/Main /homes/DMA/PDC/2024/VTLFRZ99P/ProgettoMatxMat/Main.c /homes/DMA/PDC/2024/VTLFRZ99P/ProgettoMatxMat/Lib.c
Eseguo: /usr/lib64/openmpi/1.4-gcc/bin/mpiexec -machinefile hotlist -np 4 /homes/DMA/PDC/2024/VTLFRZ99P/ProgettoMatxMat/Main

Tempo impiegato per svolgere l'algoritmo: 4.562521 seconds
********************************************************************
* ITERATION  9 	--- N =  1000 						 *
********************************************************************
-------------------------
Eseguo: /usr/lib64/openmpi/1.4-gcc/bin/mpicc -o /homes/DMA/PDC/2024/VTLFRZ99P/ProgettoMatxMat/Main /homes/DMA/PDC/2024/VTLFRZ99P/ProgettoMatxMat/Main.c /homes/DMA/PDC/2024/VTLFRZ99P/ProgettoMatxMat/Lib.c
Eseguo: /usr/lib64/openmpi/1.4-gcc/bin/mpiexec -machinefile hotlist -np 4 /homes/DMA/PDC/2024/VTLFRZ99P/ProgettoMatxMat/Main

Tempo impiegato per svolgere l'algoritmo: 4.553398 seconds
********************************************************************
* ITERATION  10 	--- N =  1000 						 *
********************************************************************
-------------------------
Eseguo: /usr/lib64/openmpi/1.4-gcc/bin/mpicc -o /homes/DMA/PDC/2024/VTLFRZ99P/ProgettoMatxMat/Main /homes/DMA/PDC/2024/VTLFRZ99P/ProgettoMatxMat/Main.c /homes/DMA/PDC/2024/VTLFRZ99P/ProgettoMatxMat/Lib.c
Eseguo: /usr/lib64/openmpi/1.4-gcc/bin/mpiexec -machinefile hotlist -np 4 /homes/DMA/PDC/2024/VTLFRZ99P/ProgettoMatxMat/Main

Tempo impiegato per svolgere l'algoritmo: 4.540389 seconds
